raiz dir dir esq dir dir dir esq esq esq SIM
raiz dir dir dir dir dir dir dir dir NAO
raiz esq esq esq NAO
raiz esq esq esq NAO
raiz dir dir esq dir esq esq SIM
raiz dir dir dir dir dir dir dir dir NAO
raiz dir dir dir esq esq SIM
raiz dir dir esq dir esq esq esq SIM
raiz esq esq dir NAO
raiz dir dir dir dir dir dir dir dir NAO
raiz dir dir esq dir esq SIM
raiz dir dir esq dir SIM
raiz dir dir esq dir esq dir SIM
raiz dir dir dir dir dir dir esq dir NAO
raiz esq dir esq NAO
raiz dir dir dir esq esq dir dir esq dir esq dir NAO
raiz dir dir dir dir dir dir dir dir NAO
raiz dir dir dir dir dir dir dir dir NAO
raiz dir dir esq dir dir dir dir esq dir NAO
raiz esq esq dir NAO
raiz dir dir dir dir dir dir dir dir NAO
raiz dir dir dir dir dir dir dir dir NAO
raiz dir dir esq dir dir dir esq esq esq SIM
raiz esq esq dir NAO
raiz dir dir dir dir dir dir dir dir NAO
raiz dir dir dir dir dir dir dir dir NAO
raiz dir esq esq dir SIM
raiz dir dir esq dir esq dir SIM
raiz dir dir dir dir dir dir dir esq NAO
raiz dir esq dir SIM
raiz dir dir dir esq esq dir esq dir SIM
raiz dir dir esq dir esq esq esq esq SIM
raiz esq esq esq NAO
