(R) Pereira Barreto-SP
(R) Suzano-SP
(R) Garça-SP
(R) Salgado-PB
(R) Tejupã-SP
(R) Sete Barras-SP
(R) São Bento do Sapucaí-SP
(R) Iacri-SP
(R) Ceara Mirim-RN
(R) Itatiba-SP
(R) Américo Brasiliense-SP
Jales-SP (360) (20,27 S/50,55 W/483/1995-2002) (23.4/111/99/55/87/12/24) (CNPUV/EMBRAPA)
São Caetano do Sul-SP (463) (23,63 S/46,58 W/739/1941-1970) (20.1/107/78/89/77/1/30) (DAEE)
Ituaçu-BA (28) (13,82 S/41,30 W/531/1961-1990) (23.4/59/99/10/59/40/0) (INMET)
Monte Alegre do Sul-SP (388) (22,68 S/46,72 W/777/1961-1990) (20.9/125/82/95/81/0/44) (IAC)
Morada Nova-CE (47) (6,08 S/39,38 W/44/1961-1990) (26.3/73/136/27/71/65/2) (INMET)
Caconde-SP (277) (21,55 S/46,65 W/840/1941-1970) (20.6/126/80/76/75/5/51) (DAEE)
Piracaia-SP (422) (23,05 S/46,35 W/879/1953-1970) (19.5/124/75/96/75/0/49) (DAEE)
Itapetininga-SP (345) (23,91 S/48,03 W/636/1941-1970) (20.4/99/79/90/79/1/20) (DAEE)
Tupã-SP (491) (21,93 S/50,51 W/517/1953-1970) (22.6/103/93/75/89/4/14) (DAEE)
Floriano-PI (149) (6,76 S/43,02 W/127/1961-1990) (27.0/92/149/36/83/66/9) (INMET)
Manduri-SP (375) (23,17 S/49,33 W/589/1962-1990) (20.9/119/83/98/83/0/36) (IAC)
Capão Bonito-SP (283) (24,03 S/48,37 W/702/1978-1990) (20.1/101/78/99/78/0/23) (IAC)
Garanhuns-PE (142) (8,88 S/36,32 W/822/1964-1989) (20.5/72/78/53/62/16/10) (INMET)
Guarujá-SP (325) (23,93 S/46,25 W/5/1941-1970) (24.7/184/117/100/117/0/67) (DAEE)
Jacareí-SP (357) (23,30 S/45,96 W/570/1941-1970) (21.4/103/85/73/82/3/21) (DAEE)
Caparaó-MG (81) (20,52 S/41,87 W/843/1973-1990) (18.8/112/71/86/70/2/42) (INMET)
Paracatu-MG (98) (17,22 S/46,87 W/711/1974-1990) (22.6/120/92/60/76/16/43) (INMET)
Cesário Lange-SP (290) (23,23 S/47,93 W/595/1941-1970) (21.2/99/84/73/81/4/18) (DAEE)
Taubaté-SP (486) (23,03 S/45,55 W/560/1941-1970) (21.6/109/87/74/82/5/27) (DAEE)
Belo Horizonte-MG (80) (19,93 S/43,93 W/850/1961-1990) (21.1/124/82/65/72/10/53) (INMET)
Caetité-BA (16) (14,05 S/42,62 W/882/1961-1990) (21.3/74/83/56/64/19/10) (INMET)
Franco da Rocha-SP (313) (23,33 S/46,68 W/750/1941-1970) (20.3/114/79/86/78/1/36) (DAEE)
Cabrobó-PE (139) (8,52 S/39,33 W/342/1961-1990) (25.8/43/128/0/43/85/0) (INMET)
Pariquera Açú-SP (413) (24,72 S/47,88 W/25/1961-1990) (22.1/126/91/100/91/0/35) (IAC)
João Pessoa-PB (135) (7,10 S/34,87 W/7/1961-1990) (26.1/178/131/56/103/28/74) (INMET)
Caçapava-SP (275) (23,15 S/45,76 W/544/1941-1970) (21.6/103/87/73/83/4/21) (DAEE)
Foz do Iguaçu-PR (167) (25,55 S/54,57 W/154/1961-1975) (20.1/156/81/100/81/0/76) (INMET)
Boa Vista-PB (544) (7,26 S/36,23 E/490/1911-1990) (23.4/35/98/0/35/63/0) (UFCG)
Cáceres-MT (115) (16,05 S/57,68 W/118/1971-1990) (25.2/112/120/47/98/22/15) (INMET)
Mulungu-PB (599) (7,03 N/35,48 E/100/1911-1990) (25.5/69/121/16/69/52/0) (UFPB)
Passagem-PB (604) (7,13 N/37,06 E/340/1911-1990) (25.2/55/118/24/52/66/2) (UFPB)
Americana-SP (241) (22,70 S/47,28 W/501/1941-1970) (22.0/105/89/64/82/7/23) (DAEE)
Sossego-PB (633) (6,76 N/36,25 E/600/1911-1990) (22.5/45/91/17/45/45/0) (UFPA)
Cuite-PB (567) (6,48 S/36,15 W/620/1911-1990) (22.3/71/89/52/64/25/7) (UFCG)
Nazaré Paulista-SP (397) (23,98 S/46,40 W/880/1953-1970) (19.4/114/74/90/74/1/40) (DAEE)
Ubatuba-SP (492) (23,45 S/45,07 W/8/1961-1990) (21.9/210/89/97/88/1/122) (IAC)
Igarapava-SP (332) (20,05 S/47,75 W/700/1941-1970) (23.2/127/98/65/85/13/42) (DAEE)
Pinhal-SP (420) (22,28 S/46,26 W/710/1941-1970) (19.8/128/76/84/73/2/54) (DAEE)
Miracatú-SP (381) (24,26 S/47,41 W/60/1961-1970) (24.4/136/113/95/113/0/23) (DAEE)
Cajobi-SP (278) (20,83 S/48,85 W/565/1960-1970) (22.8/111/95/57/80/15/31) (DAEE)
Quixeramobim-CE (48) (5,12 S/39,18 W/212/1961-1990) (26.6/72/139/30/69/69/2) (INMET)
Alto Alegre-SP (240) (21,60 S/50,16 W/500/1941-1970) (22.8/102/95/60/87/8/15) (DAEE)
Ibiporã-PR (172) (23,27 S/51,01 W/484/1971-1996) (21.8/131/88/99/88/0/42) (IAPAR)
Tanabi-SP (481) (20,61 S/49,65 W/512/1958-1970) (23.3/102/99/52/85/15/17) (DAEE)
Linhares-ES (54) (19,40 S/40,07 W/28/1970-1990) (23.6/100/102/49/92/9/8) (INMET)
Elias Fausto-SP (308) (23,05 S/47,36 W/564/1953-1970) (21.6/98/87/68/82/5/16) (DAEE)
Barra do Turvo-SP (262) (24,93 S/48,26 W/950/1960-1970) (18.0/158/69/100/69/0/89) (DAEE)
São João da Boa Vista-SP (467) (21,96 S/46,81 W/730/1941-1970) (20.9/124/82/81/78/4/46) (DAEE)
Barra de São Miguel-PB (540) (7,75 S/36,33 W/520/1911-1990) (23.2/38/97/0/38/59/0) (UFCG)
Itatinga-SP (353) (23,96 S/48,86 W/655/1941-1970) (19.9/109/77/96/77/0/32) (DAEE)
Santa Cruz do Rio Pardo-SP (476) (22,90 S/49,71 W/465/1958-1970) (22.2/112/91/87/89/2/23) (DAEE)
Bonito de Santa Fé-PB (548) (7,31 S/38,51 W/575/1911-1990) (24.2/78/106/37/64/42/14) (UFCG)
Cianorte-PR (164) (23,40 S/52,58 W/530/1971-1996) (21.6/139/87/100/87/0/52) (IAPAR)
Mogi das Cruzes-SP (385) (23,41 S/46,26 W/688/1961-1970) (20.1/101/78/78/75/3/25) (DAEE)
Nova Olinda-PB (601) (7,46 N/38,05 E/315/1911-1990) (26.1/78/130/29/67/63/11) (UFPA)
Cachoeira-SP (276) (22,70 S/44,91 W/590/1941-1970) (21.6/118/87/74/81/5/37) (DAEE)
Laranjal Paulista-SP (368) (22,91 S/47,90 W/470/1941-1970) (22.0/97/89/64/83/6/14) (DAEE)
Américo de Campos-SP (243) (20,30 S/49,73 W/479/1959-1970) (23.7/94/103/43/84/19/10) (DAEE)
