(R) Maceio-AL
(R) Piracaia-SP
(R) Turiaçu-MA
(R) Cacimba de Dentro-PB
(R) Cataguases-MG
(R) Porto Nacional-TO
(R) Jaguaruana-CE
(R) Campinas-SP
(R) Sume-PB
(R) Mococa-SP
Guaimbê-SP (318) (21,88 S/49,88 W/480/1953-1970) (23.0/103/97/61/90/7/13) (DAEE)
São Mamede-PB (621) (6,91 N/36,10 E/270/1911-1990) (25.8/63/125/26/58/67/6) (UFPA)
Aimorés-MG (75) (19,48 S/41,07 W/83/1973-1990) (24.6/97/112/39/89/23/7) (INMET)
Campina Grande-PB (134) (7,22 S/35,88 W/548/1961-1990) (23.3/67/97/30/66/31/1) (INMET)
Jacobina-BA (29) (11,18 S/40,47 W/485/1961-1990) (24.0/70/104/0/70/34/0) (INMET)
Ponta Grossa-PR (188) (25,22 S/50,01 W/880/1954-1996) (17.8/127/69/100/69/0/58) (IAPAR)
Ourinhos-SP (408) (22,98 S/49,86 W/470/1941-1970) (22.2/103/91/91/90/1/13) (DAEE)
Pereira Barreto-SP (416) (20,68 S/51,11 W/307/1953-1970) (24.7/94/114/35/93/21/1) (DAEE)
Iguape-SP (334) (24,70 S/47,55 W/5/1941-1970) (24.3/158/112/100/112/0/46) (DAEE)
Guaíra-PR (169) (24,08 S/54,25 W/230/1963-1990) (21.4/137/87/100/87/0/50) (INMET)
Laranjal Paulista-SP (368) (22,91 S/47,90 W/470/1941-1970) (22.0/97/89/64/83/6/14) (DAEE)
São José dos Espinhais-PB (631) (6,85 N/37,33 E/185/1911-1990) (26.6/72/138/28/63/75/8) (UFPA)
Nova Cantú-PR (180) (24,67 S/52,57 W/540/1972-1996) (21.0/166/84/100/84/0/82) (IAPAR)
Araçuaí-MG (76) (16,87 S/42,07 W/284/1973-1990) (24.4/70/110/27/70/39/0) (INMET)
Timbauba-PB (641) (7,02 N/38,30 E/520/1911-1990) (24.6/75/110/35/61/49/15) (UFPA)
Cambará-PR (158) (23,00 S/50,03 W/450/1971-1996) (21.1/116/85/99/85/0/31) (IAPAR)
Cianorte-PR (164) (23,40 S/52,58 W/530/1971-1996) (21.6/139/87/100/87/0/52) (IAPAR)
São Luís-MA (72) (2,53 S/44,30 W/51/1971-1990) (26.3/194/133/63/94/39/100) (INMET)
Porto União-SC (233) (26,23 S/51,06 W/778/1961-1990) (17.4/140/68/100/68/0/72) (INMET)
Petrolina-PE (144) (9,38 S/40,48 W/370/1961-1990) (26.3/51/133/1/51/82/0) (INMET)
Tauá-CE (50) (6,00 S/40,42 W/399/1964-1989) (26.0/77/130/10/77/53/0) (INMET)
Serraria-PB (625) (6,81 N/35,63 E/360/1911-1990) (23.7/109/101/58/84/17/25) (UFPA)
Fernandópolis-SP (310) (20,28 S/50,25 W/536/1953-1970) (23.5/101/100/54/88/13/14) (DAEE)
Guarulhos-SP (326) (23,41 S/46,45 W/750/1941-1970) (20.2/123/78/89/78/1/45) (DAEE)
Boituva-SP (269) (23,30 S/47,66 W/645/1941-1970) (20.9/95/82/73/79/3/15) (DAEE)
São José da Lagoa Tapada-PB (628) (6,93 N/38,16 E/260/1911-1990) (26.6/83/138/31/69/69/14) (UFPA)
Xavantes-SP (502) (22,05 S/49,76 W/440/1953-1970) (23.0/107/97/90/96/1/11) (DAEE)
Ipauçu-SP (337) (23,05 S/49,56 W/612/1953 20e20 1958-1970) (21.5/112/86/93/85/1/26) (DAEE)
Campos do Jordão-SP (280) (22,73 S/45,58 W/1578/1961-1990) (14.9/158/59/100/59/0/98) (INMET)
Cel. Pacheco-MG (85) (21,58 S/43,25 W/435/1965-1990) (21.0/132/83/80/80/3/51) (INMET)
São Joaquim-SC (234) (28,28 S/49,92 W/1402/1961-1990) (13.2/141/56/100/56/0/85) (INMET)
Severínia-SP (466) (20,81 S/48,80 W/560/1953-1970) (22.7/106/94/55/82/13/24) (DAEE)
Natividade da Serra-SP (396) (23,38 S/45,43 W/705/1941-1970) (20.4/106/80/81/78/2/28) (DAEE)
Porto Velho-RO (216) (8,76 S/63,08 W/95/1975-1990) (25.1/196/116/88/111/5/85) (INMET)
Catingueira-PB (559) (7,13 S/37,61 W/290/1911-1990) (26.0/80/129/33/66/63/15) (UFCG)
Reginópolis-SP (436) (21,88 S/49,21 W/410/1941-1970) (23.3/98/99/54/90/10/8) (DAEE)
Uberaba-MG (105) (19,75 S/47,92 W/742/1961-1990) (21.9/132/87/76/80/7/53) (INMET)
Arapuá-PB (534) (7,11 S/38,58 W/500/1911-1990) (24.9/69/113/31/57/56/12) (UFCG)
Ibiporã-PR (172) (23,27 S/51,01 W/484/1971-1996) (21.8/131/88/99/88/0/42) (IAPAR)
Icem-SP (330) (20,31 S/49,20 W/395/1941-1970) (24.3/103/109/47/89/20/14) (DAEE)
Monte Santo-BA (31) (10,43 S/39,30 W/464/1961-1990) (22.7/50/93/0/50/43/0) (INMET)
Mauá-SP (379) (23,65 S/46,48 W/824/1941-1970) (19.6/110/76/96/76/0/34) (DAEE)
Olímpia-SP (403) (20,71 S/48,93 W/520/1941-1970) (23.4/107/100/53/85/15/22) (DAEE)
São Jose dos Cordeiros-PB (630) (7,38 N/36,81 E/610/1911-1990) (23.0/45/94/25/45/49/0) (UFPB)
Mirandópolis-SP (382) (21,01 S/51,10 W/420/1953-1970) (23.6/91/102/44/90/12/1) (DAEE)
Presidente Venceslau-SP (430) (21,88 S/51,85 W/420/1941-1970) (23.2/95/99/56/92/7/3) (DAEE)
Gurjão-PB (580) (7,26 S/36,48 W/480/1911-1990) (23.7/39/101/5/39/62/0) (UFCG)
Itaporanga-PB (584) (7,30 S/38,16 W/230/1911-1990) (26.8/73/143/28/69/74/4) (UFCG)
Nortelândia-MT (572) (14,36 S/56,86 W/244/1962-1990) (26.7/107/142/30/101/41/5) (INMET)
Mulungu-PB (599) (7,03 N/35,48 E/100/1911-1990) (25.5/69/121/16/69/52/0) (UFPB)
Santa Rosa do Viterbo-SP (478) (21,41 S/47,36 W/610/1941-1970) (21.4/113/85/68/77/8/36) (DAEE)
Cuiabá-MT (117) (15,33 S/56,12 W/151/1961-1990) (25.6/110/124/46/100/25/10) (INMET)
Gália-SP (314) (22,30 S/49,55 W/522/1980-1990) (21.4/104/86/90/82/4/22) (IAC)
Taperoa-PB (639) (7,20 N/36,83 E/500/1911-1990) (23.8/43/102/8/43/59/0) (UFPB)
São Gonçalo-PB (137) (6,75 S/38,22 W/233/1961-1990) (26.4/84/136/35/73/63/11) (INMET)
Pianco-PB (607) (7,18 N/37,95 E/250/1911-1990) (26.5/75/137/31/67/70/8) (UFPA)
Campo Mourão-PR (159) (24,05 S/52,37 W/616/1967-1990) (19.3/134/75/100/75/0/59) (INMET)
Soure-PA (130) (0,40 S/48,33 W/11/1941-1970) (27.3/268/152/64/118/33/150) (INMET)
Oswaldo Cruz-SP (407) (21,78 S/50,86 W/440/1953-1957 20e20 1961-1970) (23.0/102/97/71/92/5/10) (DAEE)
Umbuzeiro-PB (642) (7,70 N/35,66 E/553/1911-1990) (22.3/65/89/37/61/28/4) (UFPB)
Caravelas-BA (19) (17,73 S/39,25 W/3/1961-1990) (24.5/116/110/80/106/4/10) (INMET)
Mirassol-SP (383) (20,81 S/49,51 W/567/1941-1957 20e20 1969-1970) (22.8/97/95/55/83/12/14) (DAEE)
Cesário Lange-SP (290) (23,23 S/47,93 W/595/1941-1970) (21.2/99/84/73/81/4/18) (DAEE)
Lapa-PR (175) (25,78 S/49,77 W/910/1988-1996) (16.9/136/66/100/66/0/70) (IAPAR)
