Tefé-AM (9) (3,37 S/64,70 W/47/1969-1990) (26.2/205/131/97/130/0/75) (INMET)
Ilhéus-BA (24) (14,80 S/39,07 W/60/1961-1990) (24.3/170/108/100/108/0/62) (INMET)
Dourados-MS (110) (22,23 S/54,98 W/452/1972-1990) (22.0/117/90/99/90/0/27) (INMET)
Barra do Juá-PB (542) (6,53 S/38,56 W/500/1911-1990) (24.8/64/0/0/0/0/0) (UFCG)
Brejo do Cruz-PB (550) (6,35 S/37,50 W/190/1911-1990) (26.6/68/0/26/110/0/3) (UFCG)
Antonina-PR (154) (25,22 S/48,80 W/60/1977-1996) (20.5/214/82/100/82/0/132) (IAPAR)
Bandeirantes-PR (156) (23,10 S/50,35 W/440/1974-1996) (21.8/124/89/98/88/0/35) (IAPAR)
Cerro Azul-PR (163) (24,82 S/49,25 W/443/1972-1996) (20.3/113/81/99/81/0/33) (IAPAR)
Curitiba-PR (166) (25,42 S/49,27 W/923/1961-1990) (16.5/117/64/100/64/0/53) (INMET)
Joaquim Távora-PR (174) (23,50 S/49,95 W/512/1971-1996) (21.0/118/84/100/84/0/34) (IAPAR)
Maringá-PR (178) (23,42 S/51,95 W/542/1961-1989) (16.4/99/63/99/63/0/36) (INMET)
Morretes-PR (179) (25,50 S/48,82 W/59/1966-1996) (20.7/160/82/100/82/0/77) (IAPAR)
Palmas-PR (181) (26,48 S/51,98 W/1100/1978-1996) (16.2/177/64/100/64/0/113) (IAPAR)
Palotina-PR (182) (24,30 S/53,92 W/310/1972-1996) (22.9/138/99/99/99/0/40) (IAPAR)
Paranaguá-PR (183) (25,52 S/48,52 W/4/1961-1990) (19.6/161/76/100/76/0/85) (INMET)
Paranavaí-PR (184) (23,08 S/52,43 W/480/1971-1996) (22.0/126/91/99/90/0/35) (IAPAR)
Planalto-PR (187) (25,70 S/53,78 W/400/1973-1996) (21.4/161/88/100/88/0/73) (IAPAR)
Ponta Grossa-PR (188) (25,22 S/50,01 W/880/1954-1996) (17.8/127/69/100/69/0/58) (IAPAR)
Quedas do Iguaçú-PR (189) (25,52 S/53,01 W/513/1972-1996) (20.2/169/80/100/80/0/89) (IAPAR)
São Miguel do Iguaçú-PR (191) (25,43 S/54,37 W/260/1982-1996) (21.4/153/88/100/88/0/65) (IAPAR)
Ilha Guaíba-RJ (201) (23,00 S/44,03 W/64/1972-1990) (23.3/131/99/99/99/0/33) (INMET)
Bagé-RS (218) (31,33 S/54,10 E/242/1961-1990) (17.9/122/72/96/71/0/51) (INMET)
Bento Gonçalves-RS (219) (29,15 S/51,53 W/640/1961-1990) (17.2/145/67/100/67/0/77) (CNPUV/EMBRAPA)
Caxias do Sul-RS (221) (29,17 S/51,20 W/760/1961-1990) (16.3/160/64/100/64/0/95) (INMET)
Passo Fundo-RS (224) (28,25 S/52,40 W/684/1961-1990) (17.5/149/69/100/69/0/80) (INMET)
Santa Maria-RS (226) (29,70 S/53,70 W/95/1961-1990) (18.8/141/75/100/75/0/66) (INMET)
São L. Gonzaga-RS (227) (28,40 S/55,20 W/245/1961-1990) (20.0/164/80/100/80/0/84) (INMET)
Torres-RS (229) (29,33 S/49,73 W/31/1961-1990) (18.9/115/74/100/74/0/42) (INMET)
Chapecó-SC (230) (27,12 S/52,62 W/668/1973-1990) (18.8/163/73/100/73/0/90) (INMET)
Florianópolis-SC (231) (27,58 S/48,57 W/2/1961-1990) (20.3/129/80/100/80/0/48) (INMET)
Angatuba-SP (247) (23,55 S/48,31 W/650/1953-1970) (20.6/105/81/96/81/0/25) (DAEE)
Apiaí-SP (250) (24,43 S/48,68 W/830/1958-1970) (18.9/117/73/100/73/0/44) (DAEE)
Barão de Antonina-SP (260) (23,61 S/49,56 W/560/1958-1970) (21.2/101/85/93/84/0/17) (DAEE)
Bernardino de Campos-SP (267) (22,93 S/49,53 W/550/1953-1970) (20.8/116/82/97/81/0/35) (DAEE)
Cananéia-SP (281) (24,93 S/47,95 W/7/1954-1970) (24.1/188/110/100/110/0/78) (DAEE)
Cotia-SP (297) (23,61 S/46,91 W/880/1941-1970) (19.1/112/73/98/73/0/38) (DAEE)
Cubatão-SP (300) (23,78 S/46,30 W/790/1941-1968) (25.1/274/121/100/121/0/152) (DAEE)
Fartura-SP (309) (23,38 S/49,51 W/570/1958-1970) (21.3/125/85/97/85/0/40) (DAEE)
Guarujá-SP (325) (23,93 S/46,25 W/5/1941-1970) (24.7/184/117/100/117/0/67) (DAEE)
Ibiuna-SP (329) (23,65 S/47,21 W/850/1941-1970) (19.3/119/74/98/74/0/45) (DAEE)
Iguape-SP (334) (24,70 S/47,55 W/5/1941-1970) (24.3/158/112/100/112/0/46) (DAEE)
Itaberá-SP (340) (23,86 S/49,15 W/620/1953-1970) (20.7/98/82/98/81/0/16) (DAEE)
Itanhaém-SP (343) (24,18 S/46,78 W/3/1941-1970) (24.6/167/116/100/116/0/51) (DAEE)
Itararé-SP (350) (24,25 S/49,15 W/150/1978-1990) (17.0/129/65/100/65/0/64) (IAC)
Itariri-SP (351) (24,33 S/47,18 W/75/1958-1970) (24.2/159/111/97/111/0/47) (DAEE)
Jacupiranga-SP (358) (24,68 S/48,00 W/45/1941-1942,20 1948,20 1953-1970) (23.0/126/99/97/99/0/27) (DAEE)
Jundiaí-SP (364) (23,20 S/46,88 W/715/1961-1990) (21.3/117/85/96/85/0/33) (IAC)
Juquitiba-SP (366) (23,93 S/47,06 W/750/1946-1970) (19.8/128/77/100/77/0/52) (DAEE)
Manduri-SP (375) (23,17 S/49,33 W/589/1962-1990) (20.9/119/83/98/83/0/36) (IAC)
Mauá-SP (379) (23,65 S/46,48 W/824/1941-1970) (19.6/110/76/96/76/0/34) (DAEE)
Monguaguá-SP (387) (24,10 S/46,61 W/3/1961-1968) (24.6/228/116/99/116/0/112) (DAEE)
Monte Alegre do Sul-SP (388) (22,68 S/46,72 W/777/1961-1990) (20.9/125/82/95/81/0/44) (IAC)
Monteiro Lobato-SP (392) (22,96 S/45,85 W/900/1941-1957) (20.2/185/78/100/78/0/107) (DAEE)
Nova Odessa-SP (400) (22,12 S/48,00 W/528/1968-1990) (21.8/107/89/94/88/0/19) (IAC)
Pilar do Sul-SP (417) (23,83 S/47,65 W/780/1953-1970) (19.7/103/76/98/76/0/27) (DAEE)
Santos-SP (450) (23,76 S/46,07 W/5/1941-1970) (24.8/267/118/100/118/0/150) (DAEE)
São Bento do Sapucaí-SP (461) (22,68 S/45,75 W/875/1946-1970) (19.6/166/75/94/75/0/91) (DAEE)
São Bernardo do Campo-SP (462) (23,74 S/46,55 W/780/1941-1970) (20.3/112/79/99/79/0/33) (DAEE)
São Roque-SP (455) (23,53 S/47,13 W/850/1965-1975 20e20 1986-1990) (19.5/112/75/97/75/0/37) (IAC)
Suzano-SP (479) (23,60 S/46,15 W/780/1953-1970) (20.1/109/78/94/78/0/32) (DAEE)
Taguaí-SP (480) (23,45 S/49,40 W/560/1953-1969) (21.3/105/85/97/85/0/20) (DAEE)
Tejupã-SP (487) (23,68 S/49,36 W/730/1941-1957) (20.3/115/79/99/79/0/36) (DAEE)
Ituruçu-BA (27) (13,36 S/39,57 W/755/1961-1990) (20.7/74/79/44/78/1/0) (INMET)
São Lourenço-MG (102) (22,10 S/45,01 W/900/1961-1990) (19.1/129/74/93/73/1/56) (INMET)
Belém-PA (120) (1,45 S/48,47 W/10/1972-1990) (26.0/241/128/95/127/1/114) (INMET)
Piraí-RJ (205) (22,63 S/43,90 W/367/1961-1990) (20.9/110/82/86/81/1/29) (INMET)
Araras-SP (254) (22,30 S/47,38 W/611/1972-2004) (21.4/120/85/90/84/1/35) (CCA/UFSCar)
Atibaia-SP (255) (23,13 S/46,55 W/805/1941-1970) (19.9/112/77/88/76/1/37) (DAEE)
Campinas-SP (279) (22,93 S/47,08 W/574/1961-1990) (21.6/115/86/88/85/1/30) (IAC)
Cândido Mota-SP (282) (22,85 S/51,00 W/370/1941-1970) (22.3/104/92/91/91/1/13) (DAEE)
Franco da Rocha-SP (313) (23,33 S/46,68 W/750/1941-1970) (20.3/114/79/86/78/1/36) (DAEE)
Guapiara-SP (319) (24,18 S/48,53 W/750/1941-1957) (21.4/111/85/92/84/1/26) (DAEE)
Guarulhos-SP (326) (23,41 S/46,45 W/750/1941-1970) (20.2/123/78/89/78/1/45) (DAEE)
Iperó-SP (338) (23,36 S/47,68 W/530/1953-1970) (21.6/103/87/84/85/1/18) (DAEE)
Itaí-SP (341) (23,41 S/49,08 W/625/1958-1969) (20.9/94/83/89/82/1/12) (DAEE)
Juquiá-SP (365) (24,18 S/47,61 W/50/1959-1970) (24.4/131/114/94/113/1/18) (DAEE)
Morungaba-SP (394) (22,88 S/46,80 W/795/1941-1970) (20.1/115/78/90/77/1/38) (DAEE)
Nazaré Paulista-SP (397) (23,98 S/46,40 W/880/1953-1970) (19.4/114/74/90/74/1/40) (DAEE)
São Caetano do Sul-SP (463) (23,63 S/46,58 W/739/1941-1970) (20.1/107/78/89/77/1/30) (DAEE)
São Paulo-SP (454) (23,55 S/46,70 W/725/1941-1970) (20.0/113/78/91/77/1/36) (DAEE)
São Sebastião-SP (456) (23,75 S/45,41 W/15/1950-1970) (24.7/123/117/81/116/1/7) (DAEE)
Serra Negra-SP (464) (22,61 S/46,76 W/920/1941-1970) (19.4/128/74/85/73/1/55) (DAEE)
Taquarituba-SP (484) (23,53 S/49,23 W/590/1958-1970) (21.1/101/84/92/83/1/18) (DAEE)
Vargem-SP (496) (22,92 S/46,43 W/835/1941-1970) (19.9/122/76/93/76/1/46) (DAEE)
Xavantes-SP (502) (22,05 S/49,76 W/440/1953-1970) (23.0/107/97/90/96/1/11) (DAEE)
Caparaó-MG (81) (20,52 S/41,87 W/843/1973-1990) (18.8/112/71/86/70/2/42) (INMET)
Juiz de Fora-MG (93) (21,77 S/43,35 W/940/1973-1990) (19.3/137/73/86/71/2/66) (INMET)
Lavras-MG (94) (21,23 S/45,00 W/918/1965-1990) (19.4/127/74/82/72/2/56) (INMET)
Nova Friburgo-RJ (204) (22,28 S/42,53 W/857/1961-1990) (18.1/104/69/84/67/2/37) (INMET)
Botucatu-SP (271) (22,80 S/48,43 W/750/1941-1970) (20.2/109/78/86/77/2/32) (DAEE)
Ilha Bela-SP (335) (23,78 S/45,53 W/15/1943-1967) (24.8/125/117/80/115/2/10) (DAEE)
Jaú-SP (361) (22,28 S/48,57 W/580/1961-1990) (22.1/118/90/83/88/2/31) (IAC)
Natividade da Serra-SP (396) (23,38 S/45,43 W/705/1941-1970) (20.4/106/80/81/78/2/28) (DAEE)
Paraibuna-SP (412) (23,38 S/45,83 W/650/1941-1970) (20.8/104/82/81/80/2/24) (DAEE)
Redenção da Serra-SP (435) (23,36 S/45,53 W/800/1953-1970) (19.9/109/77/83/75/2/34) (DAEE)
Santa Cruz do Rio Pardo-SP (476) (22,90 S/49,71 W/465/1958-1970) (22.2/112/91/87/89/2/23) (DAEE)
Santa Isabel-SP (448) (23,31 S/46,23 W/659/1941-1948 20e20 1953-1970) (20.8/112/82/83/79/2/32) (DAEE)
Tarauaca-AC (2) (8,60 S/70,46 W/190/1969-1990) (24.9/182/113/83/110/3/72) (INMET)
Cel. Pacheco-MG (85) (21,58 S/43,25 W/435/1965-1990) (21.0/132/83/80/80/3/51) (INMET)
Resende-RJ (206) (22,00 S/44,47 W/0/1961-1990) (21.1/133/84/79/80/3/52) (INMET)
Boituva-SP (269) (23,30 S/47,66 W/645/1941-1970) (20.9/95/82/73/79/3/15) (DAEE)
Guararema-SP (322) (23,41 S/46,03 W/578/1941-1970) (21.2/105/85/76/81/3/24) (DAEE)
Lagoinha-SP (367) (23,08 S/45,23 W/823/1948-1970) (19.8/105/76/80/73/3/31) (DAEE)
Narandiba-SP (395) (22,41 S/51,51 W/400/1953-1970) (23.0/102/98/78/94/3/8) (DAEE)
Paraguassu Paulista-SP (411) (22,41 S/50,58 W/505/1941-1970) (22.4/105/92/80/90/3/15) (DAEE)
Piraju-SP (424) (23,18 S/49,26 W/540/1960-1970) (21.3/96/85/78/82/3/14) (DAEE)
São Luís do Paraitinga-SP (472) (22,91 S/45,98 W/785/1941-1970) (20.0/99/77/75/74/3/25) (DAEE)
Vinhedo-SP (498) (23,03 S/46,96 W/702/1941-1970) (20.6/104/81/76/77/3/27) (DAEE)
Bambuí-MG (78) (20,00 S/45,98 W/661/1972-1990) (20.7/119/81/76/77/4/42) (INMET)
Três Lagoas-MS (114) (20,78 S/51,70 W/313/1961-1990) (23.8/109/105/68/101/4/8) (INMET)
Vassouras-RJ (208) (22,33 S/43,67 W/437/1961-1990) (20.8/107/82/75/78/4/29) (INMET)
Anhembi-SP (248) (22,80 S/48,43 W/750/1941-1970) (21.8/104/88/72/84/4/19) (DAEE)
Cerquilho-SP (289) (23,15 S/47,80 W/492/1941-1970) (21.4/98/86/70/81/4/16) (DAEE)
Cesário Lange-SP (290) (23,23 S/47,93 W/595/1941-1970) (21.2/99/84/73/81/4/18) (DAEE)
Dourado-SP (304) (22,13 S/48,31 W/660/1953-1970) (21.2/109/84/77/80/4/29) (DAEE)
Gália-SP (314) (22,30 S/49,55 W/522/1980-1990) (21.4/104/86/90/82/4/22) (IAC)
Martinópolis-SP (377) (22,25 S/51,16 W/410/1953-1970) (22.6/97/94/69/90/4/7) (DAEE)
Monte Mor-SP (393) (22,93 S/47,31 W/525/1953-1970) (21.9/104/89/70/85/4/19) (DAEE)
Oriente-SP (405) (22,15 S/50,10 W/593/1941-1970) (21.9/100/88/73/84/4/16) (DAEE)
Tupã-SP (491) (21,93 S/50,51 W/517/1953-1970) (22.6/103/93/75/89/4/14) (DAEE)
Caratinga-MG (83) (19,80 S/42,15 W/609/1971-1990) (21.2/112/83/76/79/5/33) (INMET)
Viçosa-MG (106) (20,75 S/42,85 W/690/1961-1990) (19.4/102/74/69/69/5/33) (INMET)
Baurú-SP (265) (22,31 S/49,06 W/499/1941-1970) (21.6/98/87/66/81/5/16) (DAEE)
Cachoeira-SP (276) (22,70 S/44,91 W/590/1941-1970) (21.6/118/87/74/81/5/37) (DAEE)
Caconde-SP (277) (21,55 S/46,65 W/840/1941-1970) (20.6/126/80/76/75/5/51) (DAEE)
Charqueada-SP (291) (22,51 S/47,76 W/603/1941-1970) (21.6/116/87/73/82/5/34) (DAEE)
Duartina-SP (306) (22,41 S/49,40 W/509/1941-1970) (22.3/100/91/67/87/5/13) (DAEE)
Iacri-SP (327) (21,81 S/50,58 W/410/1953-1970) (22.7/105/94/75/89/5/15) (DAEE)
Irapuru-SP (339) (21,56 S/51,35 W/428/1953-1970) (23.3/101/100/74/95/5/6) (DAEE)
Oswaldo Cruz-SP (407) (21,78 S/50,86 W/440/1953-1957 20e20 1961-1970) (23.0/102/97/71/92/5/10) (DAEE)
Quintana-SP (433) (22,06 S/50,31 W/576/1941-1970) (22.1/101/89/70/85/5/16) (DAEE)
Santo Anastácio-SP (449) (21,96 S/51,65 W/430/1953-1970) (23.0/95/97/67/92/5/3) (DAEE)
Guaramiranga-CE (44) (4,28 S/39,00 W/871/1961-1990) (20.5/139/78/77/72/6/67) (INMET)
Diamantina-MG (87) (18,25 S/43,60 W/1296/1972-1990) (18.1/117/68/74/62/6/55) (INMET)
Macaé-RJ (203) (22,60 S/41,80 W/0/1961-1990) (23.5/98/100/50/94/6/4) (INMET)
Conchas-SP (293) (23,01 S/48,01 W/460/1958-1970) (22.2/97/91/67/85/6/12) (DAEE)
Cosmópolis-SP (296) (22,66 S/47,21 W/604/1941-1970) (21.9/105/89/65/82/6/22) (DAEE)
Cruzeiro-SP (299) (22,56 S/44,95 W/557/1941-1970) (22.1/120/90/74/85/6/36) (DAEE)
Lorena-SP (371) (22,73 S/45,20 W/528/1951-1970) (22.0/115/89/73/84/6/32) (DAEE)
Piracicaba-SP (423) (22,70 S/47,63 W/490/1917-1998) (21.6/103/87/67/81/6/22) (ESALQ/USP)
Ribeirão Preto-SP (440) (21,18 S/47,80 W/521/1961-1990) (22.4/127/92/75/86/6/42) (IAC)
Rio Branco-AC (1) (9,58 S/67,29 W/160/1969-1990) (24.9/162/114/75/107/7/55) (INMET)
Uberaba-MG (105) (19,75 S/47,92 W/742/1961-1990) (21.9/132/87/76/80/7/53) (INMET)
Aguaí-SP (237) (22,06 S/46,98 W/660/1941-1970) (21.5/112/86/69/79/7/33) (DAEE)
Corumbataí-SP (295) (22,23 S/47,63 W/575/1941-1970) (21.9/112/88/72/81/7/31) (DAEE)
Dracena-SP (305) (21,48 S/51,53 W/418/1953-1970) (23.6/99/102/63/95/7/4) (DAEE)
Guaimbê-SP (318) (21,88 S/49,88 W/480/1953-1970) (23.0/103/97/61/90/7/13) (DAEE)
Itapira-SP (347) (22,45 S/46,83 W/630/1941-1970) (21.5/112/86/67/79/7/33) (DAEE)
Itapuí-SP (349) (22,31 S/48,71 W/475/1941-1970) (22.5/101/93/61/86/7/15) (DAEE)
Júlio Mesquita-SP (363) (21,98 S/49,81 W/465/1953-1970) (22.8/98/96/53/88/7/10) (DAEE)
Pindorama-SP (419) (21,22 S/48,93 W/562/1961-1990) (22.8/116/95/66/88/7/28) (IAC)
Presidente Venceslau-SP (430) (21,88 S/51,85 W/420/1941-1970) (23.2/95/99/56/92/7/3) (DAEE)
Queluz-SP (432) (22,51 S/44,76 W/490/1956-1970) (22.5/119/93/68/86/7/33) (DAEE)
Ribeirão Bonito-SP (439) (22,06 S/48,18 W/585/1941-1970) (22.0/108/89/66/82/7/26) (DAEE)
Ibirité-MG (90) (20,01 S/44,50 W/814/1961-1990) (20.5/123/80/69/72/8/51) (INMET)
Bananal-SP (259) (22,66 S/44,31 W/445/1941-1961) (22.6/119/94/66/86/8/33) (DAEE)
Braúna-SP (272) (25,16 S/50,30 W/490/1941-1970) (23.0/104/97/63/89/8/15) (DAEE)
Descalvado-SP (302) (21,91 S/47,63 W/648/1941-1970) (21.7/112/87/66/79/8/33) (DAEE)
Guaiçara-SP (317) (21,63 S/49,28 W/440/1941-1970) (23.2/109/99/60/91/8/18) (DAEE)
Guarantã-SP (321) (21,90 S/49,58 W/492/1941-1970) (22.7/98/94/60/86/8/12) (DAEE)
Jeriquara-SP (362) (20,31 S/47,60 W/870/1941-1970) (21.1/128/83/74/74/8/53) (DAEE)
Nova Europa-SP (399) (21,80 S/48,63 W/430/1941-1970) (22.9/110/96/62/87/8/22) (DAEE)
Pirajuí-SP (425) (22,03 S/49,46 W/550/1953-1970) (22.8/100/95/59/88/8/13) (DAEE)
Santa Cruz das Palmeiras-SP (475) (21,83 S/47,26 W/644/1941-1970) (21.8/111/87/66/79/8/32) (DAEE)
Santa Rosa do Viterbo-SP (478) (21,41 S/47,36 W/610/1941-1970) (21.4/113/85/68/77/8/36) (DAEE)
São José do Rio Pardo-SP (470) (21,63 S/46,90 W/680/1941-1970) (21.6/120/86/69/79/8/41) (DAEE)
Linhares-ES (54) (19,40 S/40,07 W/28/1970-1990) (23.6/100/102/49/92/9/8) (INMET)
Comodoro-MT (569) (14,26 S/59,23 W/600/1987-1992) (22.7/162/92/78/83/9/79) (ALCOMAT)
Breves-PA (122) (1,67 S/50,48 W/15/1971-1989) (25.8/191/125/74/116/9/75) (INMET)
Monte Alto-SP (389) (21,21 S/48,45 W/680/1941-1957) (21.7/110/87/65/78/9/32) (DAEE)
Monte Azul Paulista-SP (390) (21,08 S/48,65 W/605/1957-1970) (22.6/116/93/64/84/9/32) (DAEE)
Borborema-SP (270) (21,71 S/49,01 W/400/1941-1970) (23.5/102/102/50/92/10/11) (DAEE)
Getulina-SP (316) (21,75 S/50,11 W/450/1953-1970) (23.1/94/98/49/88/10/6) (DAEE)
Ibitinga-SP (328) (21,76 S/48,83 W/453/1941-1970) (23.1/102/97/54/88/10/14) (DAEE)
Reginópolis-SP (436) (21,88 S/49,21 W/410/1941-1970) (23.3/98/99/54/90/10/8) (DAEE)
Taguaritinga-SP (483) (21,41 S/48,50 W/512/1941-1970) (22.5/112/93/61/82/10/29) (DAEE)
Adamantina-SP (236) (21,18 S/51,05 W/440/1958-1970) (23.2/97/98/57/87/11/10) (DAEE)
Birigui-SP (268) (21,30 S/50,38 W/415/1941-1970) (23.8/104/104/52/93/11/10) (DAEE)
Buritizal-SP (274) (20,23 S/47,73 W/725/1941-1970) (22.2/127/90/67/78/11/49) (DAEE)
Coroados-SP (294) (21,01 S/50,18 W/320/1941-1970) (23.6/99/103/51/91/11/7) (DAEE)
Guariba-SP (324) (21,40 S/48,23 W/602/1941-1970) (22.3/109/91/60/80/11/29) (DAEE)
Brasília-DF (51) (15,78 S/47,93 W/1159/1963-1990) (21.2/129/82/71/70/12/59) (INMET)
Itajobi-SP (342) (21,30 S/49,08 W/455/1941-1970) (23.3/104/99/51/87/12/17) (DAEE)
Mendonça-SP (380) (21,18 S/49,58 W/540/1941-1970) (22.8/95/95/51/83/12/12) (DAEE)
Mirandópolis-SP (382) (21,01 S/51,10 W/420/1953-1970) (23.6/91/102/44/90/12/1) (DAEE)
Santa Adélia-SP (446) (21,25 S/48,75 W/575/1941-1952 20e20 1958-1970) (22.4/105/91/58/79/12/26) (DAEE)
Pirenópolis-GO (64) (15,85 S/48,97 W/740/1976-1990) (22.6/147/91/68/78/13/69) (INMET)
Itaperuna-RJ (202) (21,20 S/41,88 W/124/1969-1990) (23.5/98/101/47/89/13/9) (INMET)
Araçatuba-SP (251) (21,05 S/50,47 W/310/1941-1970) (23.8/98/104/49/92/13/6) (DAEE)
Fernandópolis-SP (310) (20,28 S/50,25 W/536/1953-1970) (23.5/101/100/54/88/13/14) (DAEE)
Severínia-SP (466) (20,81 S/48,80 W/560/1953-1970) (22.7/106/94/55/82/13/24) (DAEE)
Alagoinhas-BA (12) (17,28 S/38,58 W/131/1961-1990) (23.9/103/104/56/90/14/13) (INMET)
C. Itapemirim-ES (52) (20,85 S/41,10 W/77/1961-1990) (23.7/89/103/36/89/14/0) (INMET)
Altair-SP (238) (20,51 S/49,06 W/558/1953-1970) (23.3/105/99/54/85/14/21) (DAEE)
Andradina-SP (246) (20,54 S/51,38 W/390/1953-1970) (24.0/94/106/42/92/14/2) (DAEE)
Potirendaba-SP (428) (21,05 S/49,38 W/475/1941-1970) (23.3/97/99/49/86/14/12) (DAEE)
Queirós-SP (431) (21,83 S/50,21 W/390/1953-1966) (23.4/91/101/36/87/14/4) (DAEE)
Onda Verde-SP (404) (20,61 S/49,33 W/498/1941-1970) (23.4/109/100/54/86/15/23) (DAEE)
Valentim Gentil-SP (495) (20,41 S/50,08 W/510/1960-1970) (23.5/96/101/53/85/15/11) (DAEE)
Garanhuns-PE (142) (8,88 S/36,32 W/822/1964-1989) (20.5/72/78/53/62/16/10) (INMET)
Palestina-SP (409) (20,40 S/49,43 W/542/1958-1970) (23.3/102/99/54/83/16/19) (DAEE)
Salto de Pirapora-SP (445) (23,63 S/47,55 W/545/1944-1970) (21.4/70/86/14/70/16/0) (DAEE)
Serraria-PB (625) (6,81 N/35,63 E/360/1911-1990) (23.7/109/101/58/84/17/25) (UFPA)
Barretos-SP (263) (20,43 S/48,55 W/545/1941-1970) (23.3/104/99/55/83/17/21) (DAEE)
Caetité-BA (16) (14,05 S/42,62 W/882/1961-1990) (21.3/74/83/56/64/19/10) (INMET)
João Pinheiro-MG (92) (17,70 S/46,17 W/760/1961-1990) (22.5/120/91/61/72/19/48) (INMET)
Belterra-PA (121) (2,63 S/54,95 W/176/1967-1990) (25.1/159/116/67/97/19/62) (INMET)
Américo de Campos-SP (243) (20,30 S/49,73 W/479/1959-1970) (23.7/94/103/43/84/19/10) (DAEE)
Barcelos-AM (5) (0,98 S/62,92 W/40/1964-1990) (26.0/220/127/69/106/21/115) (INMET)
Montes Claros-MG (97) (16,72 S/43,87 W/646/1969-1990) (22.4/90/91/53/70/21/20) (INMET)
Parintins-AM (8) (2,63 S/56,73 W/29/1962-1990) (27.2/185/149/67/127/22/59) (INMET)
Cáceres-MT (115) (16,05 S/57,68 W/118/1971-1990) (25.2/112/120/47/98/22/15) (INMET)
Alhandra-PB (531) (7,43 S/34,92 W/49/1911-1990) (25.1/151/116/59/94/22/58) (UFCG)
Posse-GO (65) (14,10 S/46,37 W/825/1976-1990) (23.4/128/98/59/75/23/53) (INMET)
Aragarças-GO (57) (15,90 S/52,23 W/345/1968-1970) (24.9/131/114/53/90/24/42) (INMET)
Sta. Maria da Paraíba-PB (636) (8,03 N/36,68 E/800/1911-1990) (21.3/62/83/50/59/24/2) (UFPB)
Gov. Valadares-MG (89) (18,85 S/41,93 W/277/1967-1990) (24.5/93/110/41/85/25/8) (INMET)
Cuite-PB (567) (6,48 S/36,15 W/620/1911-1990) (22.3/71/89/52/64/25/7) (UFCG)
Goiás-GO (61) (15,92 S/50,13 W/512/1961-1990) (24.7/150/111/60/86/26/64) (INMET)
Corumbá-MS (108) (19,08 S/57,50 W/130/1975-1990) (25.0/93/119/17/93/26/0) (INMET)
Tracuateua-PA (132) (1,08 S/47,17 W/36/1973-1990) (25.7/212/123/69/97/26/115) (INMET)
Altamira-PA (119) (3,20 S/51,20 W/74/1967-1990) (26.0/190/129/65/102/27/88) (INMET)
Correntina-BA (22) (13,47 S/44,77 W/586/1961-1990) (23.5/90/99/50/71/28/19) (INMET)
João Pessoa-PB (135) (7,10 S/34,87 W/7/1961-1990) (26.1/178/131/56/103/28/74) (INMET)
Umbuzeiro-PB (642) (7,70 N/35,66 E/553/1911-1990) (22.3/65/89/37/61/28/4) (UFPB)
Senhor do Bonfim-BA (36) (10,47 S/40,18 W/558/1961-1990) (23.5/71/99/5/71/29/0) (INMET)
Mata Virgem-PB (598) (7,73 N/35,82 E/645/1911-1990) (21.8/55/86/24/55/30/0) (UFPB)
Santa Rita de Cássia-BA (38) (11,02 S/44,52 W/550/1961-1990) (24.1/84/105/51/74/31/10) (INMET)
Óbidos-PA (127) (1,92 S/55,52 W/37/1971-1990) (26.6/165/138/57/107/31/59) (INMET)
Campina Grande-PB (134) (7,22 S/35,88 W/548/1961-1990) (23.3/67/97/30/66/31/1) (INMET)
Sta.Rita-PB (617) (7,13 N/34,98 E/16/1911-1990) (25.5/123/121/52/90/31/33) (UFPB)
Vila Maia-PB (643) (6,80 N/35,58 E/210/1911-1990) (24.8/91/112/45/81/31/10) (UFPA)
Ceara Mirim-RN (210) (5,65 S/35,42 W/61/1961-1990) (25.4/105/119/52/88/31/17) (INMET)
Taguatinga-TO (505) (12,40 S/46,43 W/604/1961-1990) (24.5/139/109/58/78/31/61) (INMET)
Marabá-PA (125) (5,35 S/49,15 W/95/1973-1990) (26.2/173/131/51/99/32/75) (INMET)
Cabo Frio-RJ (196) (22,98 N/42,03 E/7/1961-1990) (23.2/64/96/0/64/32/0) (INMET)
Soure-PA (130) (0,40 S/48,33 W/11/1941-1970) (27.3/268/152/64/118/33/150) (INMET)
Ilha Solteira-SP (585) (20,40 S/51,40 W/335/1993-2003) (25.2/88/121/19/88/33/0) (UNESP)
Jacobina-BA (29) (11,18 S/40,47 W/485/1961-1990) (24.0/70/104/0/70/34/0) (INMET)
Aracagi-PB (533) (6,85 S/35,36 W/170/1911-1990) (24.8/82/112/39/76/36/6) (UFCG)
Arco Verde-PE (138) (8,42 S/37,08 W/681/1973-1990) (22.9/58/94/25/58/36/0) (INMET)
Turiaçu-MA (73) (1,72 S/45,40 W/44/1976-1990) (26.4/183/133/61/97/37/86) (INMET)
Monte Azul-MG (96) (15,08 S/42,75 W/603/1975-1990) (24.0/69/104/37/67/37/2) (INMET)
Imaculada-PB (582) (7,38 S/37,50 W/750/1911-1990) (22.4/56/90/36/52/38/4) (UFCG)
Porto Nacional-TO (504) (10,72 S/48,42 W/239/1961-1990) (26.1/139/130/58/92/38/47) (INMET)
Monte Alegre-PA (126) (2,00 S/54,08 W/146/1974-1990) (26.4/140/135/52/96/39/44) (INMET)
Ituaçu-BA (28) (13,82 S/41,30 W/531/1961-1990) (23.4/59/99/10/59/40/0) (INMET)
Espinosa-MG (88) (14,92 S/42,85 W/570/1974-1990) (24.1/62/105/26/62/42/0) (INMET)
Bonito de Santa Fé-PB (548) (7,31 S/38,51 W/575/1911-1990) (24.2/78/106/37/64/42/14) (UFCG)
Monte Santo-BA (31) (10,43 S/39,30 W/464/1961-1990) (22.7/50/93/0/50/43/0) (INMET)
Fortaleza-CE (43) (3,77 S/38,60 W/26/1961-1990) (26.6/137/137/50/92/45/45) (INMET)
Camalau-PB (555) (7,92 S/36,87 W/565/1911-1990) (23.3/52/97/20/52/45/0) (UFPB)
Imperatriz-MA (71) (5,53 S/47,50 W/123/1976-1990) (26.5/122/136/44/90/46/32) (INMET)
Caiçara-PB (553) (6,61 S/35,46 W/185/1911-1990) (24.8/65/112/11/65/47/0) (UFCG)
Aroeiras-PB (537) (7,52 S/35,68 W/340/1911-1990) (23.9/53/103/3/53/50/0) (UFCG)
Serra Grande-PB (624) (7,25 N/38,31 E/585/1911-1990) (24.1/67/105/33/54/51/13) (UFPA)
Mulungu-PB (599) (7,03 N/35,48 E/100/1911-1990) (25.5/69/121/16/69/52/0) (UFPB)
Bom Jesus do Piauí-PI (148) (9,10 S/44,12 W/332/1971-1990) (26.5/96/137/41/85/52/11) (INMET)
Tauá-CE (50) (6,00 S/40,42 W/399/1964-1989) (26.0/77/130/10/77/53/0) (INMET)
Juazeirinho-PB (592) (7,06 N/36,58 E/570/1911-1990) (23.1/42/95/10/42/54/0) (UFPB)
Congo-PB (565) (7,80 S/36,67 W/500/1911-1990) (23.7/45/101/16/45/55/0) (UFCG)
Sume-PB (638) (7,65 N/36,93 E/510/1911-1990) (23.8/47/102/13/47/55/0) (UFPB)
Pocinhos-PB (610) (7,07 N/36,07 E/624/1911-1990) (22.2/32/89/0/32/57/0) (UFPB)
Sto.André-PB (619) (7,21 N/36,63 E/470/1911-1990) (23.9/44/102/5/44/58/0) (UFPB)
Ibiara-PB (581) (7,48 S/38,41 W/330/1911-1990) (26.1/85/131/34/72/60/14) (UFCG)
Olho D´Água-PB (602) (7,21 N/37,76 E/275/1911-1990) (26.2/94/133/37/73/60/21) (UFPB)
Mãe D´Água de Dentro-PB (594) (7,25 N/37,43 E/370/1911-1990) (25.3/63/118/27/58/61/5) (UFPB)
Sta.Tereza-PB (618) (7,11 N/36,41 E/500/1911-1990) (23.5/38/99/4/38/61/0) (UFPB)
Boqueirão-PB (549) (7,48 S/36,11 W/380/1911-1990) (24.1/42/105/0/42/62/0) (UFCG)
Boa Vista-PB (544) (7,26 S/36,23 E/490/1911-1990) (23.4/35/98/0/35/63/0) (UFCG)
Catingueira-PB (559) (7,13 S/37,61 W/290/1911-1990) (26.0/80/129/33/66/63/15) (UFCG)
Inga-PB (583) (7,28 S/35,61 W/144/1911-1990) (25.3/56/119/2/56/63/0) (UFCG)
Nova Olinda-PB (601) (7,46 N/38,05 E/315/1911-1990) (26.1/78/130/29/67/63/11) (UFPA)
Riacho Sto.Antonio-PB (613) (7,70 N/36,15 E/455/1911-1990) (23.5/36/99/1/36/63/0) (UFPB)
São Boaventura-PB (622) (7,40 N/38,21 E/300/1911-1990) (26.3/76/133/29/70/63/6) (UFPA)
São Gonçalo-PB (137) (6,75 S/38,22 W/233/1961-1990) (26.4/84/136/35/73/63/11) (INMET)
Florânia-RN (212) (6,12 S/36,82 W/324/1961-1990) (25.6/61/122/20/59/63/1) (INMET)
Barra-BA (13) (11,08 S/43,17 W/401/1961-1990) (25.5/55/121/2/55/66/0) (INMET)
Algodão-PB (530) (6,88 S/36,03 W/470/1911-1990) (23.3/31/97/0/31/66/0) (UFCG)
Malta-PB (595) (6,90 N/37,53 E/340/1911-1990) (25.6/61/122/26/56/66/4) (UFPA)
Pedra Lavrada-PB (606) (6,75 N/36,46 E/525/1911-1990) (23.3/31/97/0/31/66/0) (UFPA)
Salgado-PB (615) (6,78 N/35,88 E/400/1911-1990) (23.7/35/101/0/35/66/0) (UFPA)
São José de Piranhas-PB (629) (7,11 N/38,50 E/300/1911-1990) (26.4/82/135/32/70/66/12) (UFPA)
Jaguaruana-CE (46) (4,78 S/37,60 W/12/1970-1989) (26.5/75/137/35/70/67/5) (INMET)
Catole do Rocha-PB (562) (6,35 S/37,55 W/250/1911-1990) (26.3/75/133/33/67/67/9) (UFCG)
São Mamede-PB (621) (6,91 N/36,10 E/270/1911-1990) (25.8/63/125/26/58/67/6) (UFPA)
Parnaíba-PI (150) (2,92 S/41,60 W/22/1961-1990) (26.8/123/141/39/73/68/50) (INMET)
Porcos-PB (612) (7,13 N/37,33 E/270/1911-1990) (26.0/62/128/24/59/69/2) (UFPB)
Caraubas-PB (556) (7,72 S/36,52 W/460/1911-1990) (23.8/32/102/0/32/70/0) (UFCG)
Garrotes-PB (578) (7,38 S/38,00 W/305/1911-1990) (26.1/62/131/21/61/70/1) (UFCG)
Picui-PB (608) (6,51 N/36,36 E/450/1911-1990) (23.8/29/101/0/29/72/0) (UFPA)
Salgadinho-PB (614) (7,10 N/38,85 E/410/1911-1990) (24.5/38/109/0/38/72/0) (UFPB)
São João do Cariri-PB (626) (7,40 N/36,53 E/445/1911-1990) (24.0/32/104/0/32/72/0) (UFPB)
São Francisco-PB (620) (6,61 N/38,80 E/150/1911-1990) (27.3/72/153/26/71/82/1) (UFPA)
Souza-PB (634) (6,75 N/38,23 E/200/1911-1990) (27.0/66/147/25/65/82/1) (UFPA)
Petrolina-PE (144) (9,38 S/40,48 W/370/1961-1990) (26.3/51/133/1/51/82/0) (INMET)
Paulistana-PI (151) (8,13 S/41,13 W/374/1976-1990) (26.5/50/138/5/50/88/0) (INMET)
Macau-RN (213) (5,12 S/36,63 W/6/1961-1990) (26.9/50/143/0/50/93/0) (INMET)
Teste de cadastro- (516) (10,00 S/25,00 W/321/1 ano) (91.0/92/93/94/95/96/97) (Fonte CNPM)
Desterro de Malta-PB (575) (6,68 S/37,56 W/195/1911-1990) (26.7/40/140/2/40/100/0) (UFCG)
