Tefé-AM (9) (3,37 S/64,70 W/47/1969-1990) (26.2/205/131/97/130/0/75) (INMET)
Canavieiras-BA (18) (15,67 S/38,95 W/4/1961-1990) (24.0/151/105/99/105/0/45) (INMET)
Ilhéus-BA (24) (14,80 S/39,07 W/60/1961-1990) (24.3/170/108/100/108/0/62) (INMET)
Dourados-MS (110) (22,23 S/54,98 W/452/1972-1990) (22.0/117/90/99/90/0/27) (INMET)
Ivinhema-MS (111) (22,32 S/53,93 W/369/1973-1990) (22.1/134/90/98/90/0/44) (INMET)
Ponta Porã-MS (113) (22,53 S/55,53 W/650/1961-1990) (20.6/138/80/100/80/0/58) (INMET)
Barra do Juá-PB (542) (6,53 S/38,56 W/500/1911-1990) (24.8/64/0/0/0/0/0) (UFCG)
Brejo do Cruz-PB (550) (6,35 S/37,50 W/190/1911-1990) (26.6/68/0/26/110/0/3) (UFCG)
Antonina-PR (154) (25,22 S/48,80 W/60/1977-1996) (20.5/214/82/100/82/0/132) (IAPAR)
Apucarana-PR (155) (23,50 S/51,53 W/746/1961-1996) (20.6/137/80/100/80/0/57) (IAPAR)
Bandeirantes-PR (156) (23,10 S/50,35 W/440/1974-1996) (21.8/124/89/98/88/0/35) (IAPAR)
Bela Vista do Paraíso-PR (157) (22,95 S/51,20 W/600/1971-1996) (21.2/128/84/99/84/0/44) (IAPAR)
Cambará-PR (158) (23,00 S/50,03 W/450/1971-1996) (21.1/116/85/99/85/0/31) (IAPAR)
Campo Mourão-PR (159) (24,05 S/52,37 W/616/1967-1990) (19.3/134/75/100/75/0/59) (INMET)
Cândido de Abreu-PR (160) (24,63 S/51,25 W/645/1988-1996) (19.4/149/76/100/76/0/73) (IAPAR)
Cascavel-PR (161) (24,88 S/53,55 W/760/1972-1996) (19.5/163/76/100/76/0/86) (IAPAR)
Castro-PR (162) (24,78 S/50,00 W/1009/1961-1989) (16.2/131/63/100/63/0/68) (INMET)
Cerro Azul-PR (163) (24,82 S/49,25 W/443/1972-1996) (20.3/113/81/99/81/0/33) (IAPAR)
Cianorte-PR (164) (23,40 S/52,58 W/530/1971-1996) (21.6/139/87/100/87/0/52) (IAPAR)
Clevelândia-PR (165) (26,42 S/52,35 W/930/1972-1996) (17.2/170/67/100/67/0/104) (IAPAR)
Curitiba-PR (166) (25,42 S/49,27 W/923/1961-1990) (16.5/117/64/100/64/0/53) (INMET)
Foz do Iguaçu-PR (167) (25,55 S/54,57 W/154/1961-1975) (20.1/156/81/100/81/0/76) (INMET)
Francisco Beltrão-PR (168) (26,08 S/53,07 W/650/1973-1996) (19.2/169/75/100/75/0/94) (IAPAR)
Guaíra-PR (169) (24,08 S/54,25 W/230/1963-1990) (21.4/137/87/100/87/0/50) (INMET)
Guarapuava-PR (170) (25,35 S/51,50 W/1020/1972-1996) (17.0/162/66/100/66/0/96) (IAPAR)
Guaraqueçaba-PR (171) (25,27 S/48,32 W/40/1977-1996) (20.9/200/84/100/84/0/116) (IAPAR)
Ibiporã-PR (172) (23,27 S/51,01 W/484/1971-1996) (21.8/131/88/99/88/0/42) (IAPAR)
Jacarezinho-PR (173) (23,15 S/49,97 W/470/1961-1990) (20.3/112/80/100/80/0/32) (INMET)
Joaquim Távora-PR (174) (23,50 S/49,95 W/512/1971-1996) (21.0/118/84/100/84/0/34) (IAPAR)
Lapa-PR (175) (25,78 S/49,77 W/910/1988-1996) (16.9/136/66/100/66/0/70) (IAPAR)
Laranjeiras do Sul-PR (176) (25,42 S/52,42 W/880/1972-1996) (18.8/166/73/100/73/0/93) (IAPAR)
Londrina-PR (177) (23,37 S/51,17 W/585/1976-1996) (20.9/136/83/100/83/0/53) (IAPAR)
Maringá-PR (178) (23,42 S/51,95 W/542/1961-1989) (16.4/99/63/99/63/0/36) (INMET)
Morretes-PR (179) (25,50 S/48,82 W/59/1966-1996) (20.7/160/82/100/82/0/77) (IAPAR)
Nova Cantú-PR (180) (24,67 S/52,57 W/540/1972-1996) (21.0/166/84/100/84/0/82) (IAPAR)
Palmas-PR (181) (26,48 S/51,98 W/1100/1978-1996) (16.2/177/64/100/64/0/113) (IAPAR)
Palotina-PR (182) (24,30 S/53,92 W/310/1972-1996) (22.9/138/99/99/99/0/40) (IAPAR)
Paranaguá-PR (183) (25,52 S/48,52 W/4/1961-1990) (19.6/161/76/100/76/0/85) (INMET)
Paranavaí-PR (184) (23,08 S/52,43 W/480/1971-1996) (22.0/126/91/99/90/0/35) (IAPAR)
Pato Branco-PR (185) (26,12 S/52,68 W/700/1978-1996) (18.7/180/73/100/73/0/107) (IAPAR)
Pinhais-PR (186) (25,42 S/49,13 W/930/1970-1996) (16.7/119/65/100/65/0/54) (IAPAR)
Planalto-PR (187) (25,70 S/53,78 W/400/1973-1996) (21.4/161/88/100/88/0/73) (IAPAR)
Ponta Grossa-PR (188) (25,22 S/50,01 W/880/1954-1996) (17.8/127/69/100/69/0/58) (IAPAR)
Quedas do Iguaçú-PR (189) (25,52 S/53,01 W/513/1972-1996) (20.2/169/80/100/80/0/89) (IAPAR)
Rio Negro-PR (190) (26,10 S/49,80 W/824/1961-1979) (16.6/118/65/100/65/0/54) (INMET)
São Miguel do Iguaçú-PR (191) (25,43 S/54,37 W/260/1982-1996) (21.4/153/88/100/88/0/65) (IAPAR)
Telêmaco Borba-PR (192) (24,33 S/50,62 W/768/1971-1996) (18.5/136/72/100/72/0/64) (IAPAR)
Umuarama-PR (193) (23,73 S/53,28 W/480/1971-1996) (21.9/135/90/100/90/0/45) (IAPAR)
Angra dos Reis-RJ (194) (23,01 S/44,32 W/1/1961-1990) (23.2/165/98/100/98/0/66) (INMET)
Ilha Guaíba-RJ (201) (23,00 S/44,03 W/64/1972-1990) (23.3/131/99/99/99/0/33) (INMET)
Bagé-RS (218) (31,33 S/54,10 E/242/1961-1990) (17.9/122/72/96/71/0/51) (INMET)
Bento Gonçalves-RS (219) (29,15 S/51,53 W/640/1961-1990) (17.2/145/67/100/67/0/77) (CNPUV/EMBRAPA)
Bom Jesus-RS (220) (28,67 S/50,43 W/1047/1961-1990) (14.6/144/60/100/60/0/84) (INMET)
Caxias do Sul-RS (221) (29,17 S/51,20 W/760/1961-1990) (16.3/160/64/100/64/0/95) (INMET)
Encruz. Do Sul-RS (222) (30,53 S/52,52 W/427/1961-1990) (17.1/128/68/98/68/0/61) (INMET)
Iraí-RS (223) (27,18 S/53,23 W/247/1961-1990) (19.4/151/78/100/78/0/73) (INMET)
Passo Fundo-RS (224) (28,25 S/52,40 W/684/1961-1990) (17.5/149/69/100/69/0/80) (INMET)
Pelotas-RS (568) (31,80 S/52,30 W/1324/1971-2000) (17.8/114/71/97/71/0/43) (INMET)
Santa Maria-RS (226) (29,70 S/53,70 W/95/1961-1990) (18.8/141/75/100/75/0/66) (INMET)
Santa Vit. Palmar-RS (228) (33,52 S/53,35 W/24/1961-1990) (16.6/99/67/93/66/0/33) (INMET)
São L. Gonzaga-RS (227) (28,40 S/55,20 W/245/1961-1990) (20.0/164/80/100/80/0/84) (INMET)
Torres-RS (229) (29,33 S/49,73 W/31/1961-1990) (18.9/115/74/100/74/0/42) (INMET)
Chapecó-SC (230) (27,12 S/52,62 W/668/1973-1990) (18.8/163/73/100/73/0/90) (INMET)
Florianópolis-SC (231) (27,58 S/48,57 W/2/1961-1990) (20.3/129/80/100/80/0/48) (INMET)
Indaial-SC (232) (26,90 S/49,22 W/68/1971-1987) (20.2/139/80/100/80/0/59) (INMET)
Porto União-SC (233) (26,23 S/51,06 W/778/1961-1990) (17.4/140/68/100/68/0/72) (INMET)
São Joaquim-SC (234) (28,28 S/49,92 W/1402/1961-1990) (13.2/141/56/100/56/0/85) (INMET)
Angatuba-SP (247) (23,55 S/48,31 W/650/1953-1970) (20.6/105/81/96/81/0/25) (DAEE)
Apiaí-SP (250) (24,43 S/48,68 W/830/1958-1970) (18.9/117/73/100/73/0/44) (DAEE)
Avaré-SP (257) (23,40 S/48,91 W/760/1941-1970) (20.3/106/79/96/78/0/28) (DAEE)
Barão de Antonina-SP (260) (23,61 S/49,56 W/560/1958-1970) (21.2/101/85/93/84/0/17) (DAEE)
Barra do Turvo-SP (262) (24,93 S/48,26 W/950/1960-1970) (18.0/158/69/100/69/0/89) (DAEE)
Bernardino de Campos-SP (267) (22,93 S/49,53 W/550/1953-1970) (20.8/116/82/97/81/0/35) (DAEE)
Campos do Jordão-SP (280) (22,73 S/45,58 W/1578/1961-1990) (14.9/158/59/100/59/0/98) (INMET)
Cananéia-SP (281) (24,93 S/47,95 W/7/1954-1970) (24.1/188/110/100/110/0/78) (DAEE)
Capão Bonito-SP (283) (24,03 S/48,37 W/702/1978-1990) (20.1/101/78/99/78/0/23) (IAC)
Caraguatatuba-SP (285) (23,61 S/45,41 W/5/1943-1967) (24.9/204/119/100/119/0/84) (DAEE)
Cotia-SP (297) (23,61 S/46,91 W/880/1941-1970) (19.1/112/73/98/73/0/38) (DAEE)
Cubatão-SP (300) (23,78 S/46,30 W/790/1941-1968) (25.1/274/121/100/121/0/152) (DAEE)
Eldorado-SP (307) (24,51 S/48,08 W/70/1941-1970) (24.0/125/109/96/108/0/17) (DAEE)
Fartura-SP (309) (23,38 S/49,51 W/570/1958-1970) (21.3/125/85/97/85/0/40) (DAEE)
Guarujá-SP (325) (23,93 S/46,25 W/5/1941-1970) (24.7/184/117/100/117/0/67) (DAEE)
Ibiuna-SP (329) (23,65 S/47,21 W/850/1941-1970) (19.3/119/74/98/74/0/45) (DAEE)
Iguape-SP (334) (24,70 S/47,55 W/5/1941-1970) (24.3/158/112/100/112/0/46) (DAEE)
Itaberá-SP (340) (23,86 S/49,15 W/620/1953-1970) (20.7/98/82/98/81/0/16) (DAEE)
Itanhaém-SP (343) (24,18 S/46,78 W/3/1941-1970) (24.6/167/116/100/116/0/51) (DAEE)
Itapecirica da Serra-SP (344) (23,78 S/46,81 W/850/1953-1970) (17.6/120/67/100/67/0/53) (DAEE)
Itapeva-SP (346) (23,95 S/48,88 W/647/1969-1989) (20.5/99/80/96/80/0/19) (INMET)
Itaporanga-SP (348) (23,70 S/49,46 W/525/1941-1970) (21.4/98/86/94/86/0/12) (DAEE)
Itararé-SP (350) (24,25 S/49,15 W/150/1978-1990) (17.0/129/65/100/65/0/64) (IAC)
Itariri-SP (351) (24,33 S/47,18 W/75/1958-1970) (24.2/159/111/97/111/0/47) (DAEE)
Itatinga-SP (353) (23,96 S/48,86 W/655/1941-1970) (19.9/109/77/96/77/0/32) (DAEE)
Jacupiranga-SP (358) (24,68 S/48,00 W/45/1941-1942,20 1948,20 1953-1970) (23.0/126/99/97/99/0/27) (DAEE)
Jundiaí-SP (364) (23,20 S/46,88 W/715/1961-1990) (21.3/117/85/96/85/0/33) (IAC)
Juquitiba-SP (366) (23,93 S/47,06 W/750/1946-1970) (19.8/128/77/100/77/0/52) (DAEE)
Manduri-SP (375) (23,17 S/49,33 W/589/1962-1990) (20.9/119/83/98/83/0/36) (IAC)
Mauá-SP (379) (23,65 S/46,48 W/824/1941-1970) (19.6/110/76/96/76/0/34) (DAEE)
Miracatú-SP (381) (24,26 S/47,41 W/60/1961-1970) (24.4/136/113/95/113/0/23) (DAEE)
Monguaguá-SP (387) (24,10 S/46,61 W/3/1961-1968) (24.6/228/116/99/116/0/112) (DAEE)
Monte Alegre do Sul-SP (388) (22,68 S/46,72 W/777/1961-1990) (20.9/125/82/95/81/0/44) (IAC)
Monteiro Lobato-SP (392) (22,96 S/45,85 W/900/1941-1957) (20.2/185/78/100/78/0/107) (DAEE)
Nova Odessa-SP (400) (22,12 S/48,00 W/528/1968-1990) (21.8/107/89/94/88/0/19) (IAC)
Pariquera Açú-SP (413) (24,72 S/47,88 W/25/1961-1990) (22.1/126/91/100/91/0/35) (IAC)
Pilar do Sul-SP (417) (23,83 S/47,65 W/780/1953-1970) (19.7/103/76/98/76/0/27) (DAEE)
Piracaia-SP (422) (23,05 S/46,35 W/879/1953-1970) (19.5/124/75/96/75/0/49) (DAEE)
Registro-SP (437) (24,40 S/27,75 W/52/1959-1970) (24.1/141/110/100/110/0/31) (DAEE)
Ribeira-SP (438) (24,66 S/49,00 W/160/1942-1970) (23.3/112/101/94/101/0/11) (DAEE)
Ribeirão Vermelho do Sul-SP (441) (23,81 S/49,43 W/575/1953-1970) (21.0/105/83/99/83/0/22) (DAEE)
Salesópolis-SP (443) (23,65 S/45,86 W/880/1941-1970) (19.2/261/74/100/74/0/187) (DAEE)
Santos-SP (450) (23,76 S/46,07 W/5/1941-1970) (24.8/267/118/100/118/0/150) (DAEE)
São Bento do Sapucaí-SP (461) (22,68 S/45,75 W/875/1946-1970) (19.6/166/75/94/75/0/91) (DAEE)
São Bernardo do Campo-SP (462) (23,74 S/46,55 W/780/1941-1970) (20.3/112/79/99/79/0/33) (DAEE)
São Miguel Arcanjo-SP (453) (23,88 S/47,98 W/660/1958-1970) (20.4/98/80/93/79/0/18) (DAEE)
São Roque-SP (455) (23,53 S/47,13 W/850/1965-1975 20e20 1986-1990) (19.5/112/75/97/75/0/37) (IAC)
São Vicente-SP (458) (23,96 S/46,65 W/3/1958-1970) (24.7/250/117/100/117/0/133) (DAEE)
Sarutaia-SP (460) (23,25 S/49,48 W/750/1941-1970) (20.2/101/78/96/78/0/23) (DAEE)
Sete Barras-SP (465) (24,38 S/47,91 W/35/1943-1948 20e20 1953-1970) (24.3/132/112/96/112/0/20) (DAEE)
Suzano-SP (479) (23,60 S/46,15 W/780/1953-1970) (20.1/109/78/94/78/0/32) (DAEE)
Taguaí-SP (480) (23,45 S/49,40 W/560/1953-1969) (21.3/105/85/97/85/0/20) (DAEE)
Tapiraí-SP (482) (23,96 S/47,50 W/930/1941-1942,20 1944-1946,20 20e20 1953-1970) (18.6/160/71/100/71/0/89) (DAEE)
Tatuí-SP (485) (23,33 S/47,87 W/600/1961-1990) (21.2/104/85/93/84/0/20) (IAC)
Tejupã-SP (487) (23,68 S/49,36 W/730/1941-1957) (20.3/115/79/99/79/0/36) (DAEE)
Guaratinga-BA (23) (16,73 S/39,73 W/324/1961-1990) (23.3/104/98/77/97/1/7) (INMET)
Ituruçu-BA (27) (13,36 S/39,57 W/755/1961-1990) (20.7/74/79/44/78/1/0) (INMET)
Remanso-BA (34) (9,63 S/42,10 W/400/1961-1990) (25.2/183/118/89/116/1/67) (INMET)
Salvador-BA (35) (13,02 S/38,52 W/51/1961-1990) (25.2/183/118/87/116/1/67) (INMET)
Machado-MG (95) (21,67 S/45,92 W/873/1961-1990) (19.6/133/75/93/75/1/58) (INMET)
São Lourenço-MG (102) (22,10 S/45,01 W/900/1961-1990) (19.1/129/74/93/73/1/56) (INMET)
Campo Grande-MS (107) (20,45 S/54,62 W/530/1961-1990) (22.7/122/94/87/92/1/30) (INMET)
Belém-PA (120) (1,45 S/48,47 W/10/1972-1990) (26.0/241/128/95/127/1/114) (INMET)
Piraí-RJ (205) (22,63 S/43,90 W/367/1961-1990) (20.9/110/82/86/81/1/29) (INMET)
Araçoiaba da Serra-SP (252) (23,48 S/47,58 W/625/1941-1970) (20.9/107/83/85/81/1/26) (DAEE)
Araras-SP (254) (22,30 S/47,38 W/611/1972-2004) (21.4/120/85/90/84/1/35) (CCA/UFSCar)
Atibaia-SP (255) (23,13 S/46,55 W/805/1941-1970) (19.9/112/77/88/76/1/37) (DAEE)
Barueri-SP (264) (23,03 S/46,76 W/731/1958-1970) (20.6/117/80/92/79/1/38) (DAEE)
Campinas-SP (279) (22,93 S/47,08 W/574/1961-1990) (21.6/115/86/88/85/1/30) (IAC)
Cândido Mota-SP (282) (22,85 S/51,00 W/370/1941-1970) (22.3/104/92/91/91/1/13) (DAEE)
Cunha-SP (301) (22,91 S/44,81 W/1100/1941-1970) (18.0/122/69/88/68/1/54) (DAEE)
Franco da Rocha-SP (313) (23,33 S/46,68 W/750/1941-1970) (20.3/114/79/86/78/1/36) (DAEE)
Guapiara-SP (319) (24,18 S/48,53 W/750/1941-1957) (21.4/111/85/92/84/1/26) (DAEE)
Guarulhos-SP (326) (23,41 S/46,45 W/750/1941-1970) (20.2/123/78/89/78/1/45) (DAEE)
Iepê-SP (331) (22,66 S/51,08 W/380/1958-1970) (23.0/122/97/92/96/1/26) (DAEE)
Ipauçu-SP (337) (23,05 S/49,56 W/612/1953 20e20 1958-1970) (21.5/112/86/93/85/1/26) (DAEE)
Iperó-SP (338) (23,36 S/47,68 W/530/1953-1970) (21.6/103/87/84/85/1/18) (DAEE)
Itaí-SP (341) (23,41 S/49,08 W/625/1958-1969) (20.9/94/83/89/82/1/12) (DAEE)
Itapetininga-SP (345) (23,91 S/48,03 W/636/1941-1970) (20.4/99/79/90/79/1/20) (DAEE)
Itú-SP (355) (23,36 S/47,30 W/650/1953-1970) (21.5/111/86/88/85/1/26) (DAEE)
Juquiá-SP (365) (24,18 S/47,61 W/50/1959-1970) (24.4/131/114/94/113/1/18) (DAEE)
Morungaba-SP (394) (22,88 S/46,80 W/795/1941-1970) (20.1/115/78/90/77/1/38) (DAEE)
Nazaré Paulista-SP (397) (23,98 S/46,40 W/880/1953-1970) (19.4/114/74/90/74/1/40) (DAEE)
Ourinhos-SP (408) (22,98 S/49,86 W/470/1941-1970) (22.2/103/91/91/90/1/13) (DAEE)
Pinhalzinho-SP (421) (22,76 S/46,60 W/915/1941-1970) (19.4/121/74/89/73/1/48) (DAEE)
São Caetano do Sul-SP (463) (23,63 S/46,58 W/739/1941-1970) (20.1/107/78/89/77/1/30) (DAEE)
São Manuel-SP (452) (22,73 S/48,56 W/680/1941-1970) (21.0/114/83/87/81/1/33) (DAEE)
São Paulo-SP (454) (23,55 S/46,70 W/725/1941-1970) (20.0/113/78/91/77/1/36) (DAEE)
São Sebastião-SP (456) (23,75 S/45,41 W/15/1950-1970) (24.7/123/117/81/116/1/7) (DAEE)
Serra Negra-SP (464) (22,61 S/46,76 W/920/1941-1970) (19.4/128/74/85/73/1/55) (DAEE)
Taquarituba-SP (484) (23,53 S/49,23 W/590/1958-1970) (21.1/101/84/92/83/1/18) (DAEE)
Ubatuba-SP (492) (23,45 S/45,07 W/8/1961-1990) (21.9/210/89/97/88/1/122) (IAC)
Vargem-SP (496) (22,92 S/46,43 W/835/1941-1970) (19.9/122/76/93/76/1/46) (DAEE)
Xavantes-SP (502) (22,05 S/49,76 W/440/1953-1970) (23.0/107/97/90/96/1/11) (DAEE)
Bom Jesus da Lapa-BA (15) (13,27 S/43,42 W/440/1961-1990) (24.5/165/109/91/107/2/58) (INMET)
Camaçari-BA (17) (12,67 S/38,32 W/48/1961-1990) (24.5/165/109/91/107/2/58) (INMET)
Lençóis-BA (30) (12,57 S/41,38 W/439/1961-1990) (23.4/113/99/87/97/2/17) (INMET)
Barbacena-MG (79) (21,25 S/43,77 W/1126/1961-1990) (18.0/120/68/84/66/2/54) (INMET)
Caparaó-MG (81) (20,52 S/41,87 W/843/1973-1990) (18.8/112/71/86/70/2/42) (INMET)
Juiz de Fora-MG (93) (21,77 S/43,35 W/940/1973-1990) (19.3/137/73/86/71/2/66) (INMET)
Lavras-MG (94) (21,23 S/45,00 W/918/1965-1990) (19.4/127/74/82/72/2/56) (INMET)
Cordeiro-RJ (199) (22,03 S/42,37 W/485/1972-1990) (20.7/109/81/80/79/2/31) (INMET)
Nova Friburgo-RJ (204) (22,28 S/42,53 W/857/1961-1990) (18.1/104/69/84/67/2/37) (INMET)
Porto Alegre-RS (225) (30,02 S/51,22 W/47/1961-1990) (19.5/112/78/83/76/2/36) (INMET)
Botucatu-SP (271) (22,80 S/48,43 W/750/1941-1970) (20.2/109/78/86/77/2/32) (DAEE)
Cerqueira Cesar-SP (288) (23,05 S/49,16 W/715/1958-1969) (20.5/95/80/89/79/2/16) (DAEE)
Garça-SP (315) (22,21 S/49,65 W/663/1953-1970) (21.4/109/85/84/83/2/26) (DAEE)
Ilha Bela-SP (335) (23,78 S/45,53 W/15/1943-1967) (24.8/125/117/80/115/2/10) (DAEE)
Indiana-SP (336) (22,16 S/51,26 W/467/1953-1970) (22.7/106/95/82/93/2/13) (DAEE)
Itatiba-SP (352) (23,00 S/46,83 W/750/1941-1970) (20.4/110/79/85/77/2/33) (DAEE)
Jaú-SP (361) (22,28 S/48,57 W/580/1961-1990) (22.1/118/90/83/88/2/31) (IAC)
Limeira-SP (370) (22,53 S/47,45 W/639/1961-1990) (21.1/113/83/84/81/2/32) (IAC)
Marília-SP (376) (22,21 S/49,93 W/652/1941-1970) (21.4/108/85/84/83/2/25) (DAEE)
Natividade da Serra-SP (396) (23,38 S/45,43 W/705/1941-1970) (20.4/106/80/81/78/2/28) (DAEE)
Paraibuna-SP (412) (23,38 S/45,83 W/650/1941-1970) (20.8/104/82/81/80/2/24) (DAEE)
Pindamonhangaba-SP (418) (22,92 S/45,00 W/560/1961-1990) (22.1/105/92/79/89/2/15) (IAC)
Pinhal-SP (420) (22,28 S/46,26 W/710/1941-1970) (19.8/128/76/84/73/2/54) (DAEE)
Redenção da Serra-SP (435) (23,36 S/45,53 W/800/1953-1970) (19.9/109/77/83/75/2/34) (DAEE)
Santa Barbara do Rio Pardo-SP (474) (22,98 S/49,25 W/550/1958-1970) (21.8/105/88/89/86/2/19) (DAEE)
Santa Branca-SP (447) (23,40 S/45,55 W/705/1941-1970) (20.4/106/80/80/77/2/29) (DAEE)
Santa Cruz do Rio Pardo-SP (476) (22,90 S/49,71 W/465/1958-1970) (22.2/112/91/87/89/2/23) (DAEE)
Santa Isabel-SP (448) (23,31 S/46,23 W/659/1941-1948 20e20 1953-1970) (20.8/112/82/83/79/2/32) (DAEE)
Sarapui-SP (459) (23,65 S/47,81 W/597/1953-1970) (21.0/93/83/83/81/2/11) (DAEE)
Tietê-SP (489) (23,12 S/47,72 W/538/1961-1990) (21.6/97/87/82/85/2/12) (IAC)
Vera Cruz-SP (497) (22,21 S/49,81 W/633/1953-1968) (21.6/109/86/86/84/2/25) (DAEE)
Votorantim-SP (500) (23,53 S/47,43 W/555/1941-1970) (21.3/107/85/83/84/2/24) (DAEE)
Tarauaca-AC (2) (8,60 S/70,46 W/190/1969-1990) (24.9/182/113/83/110/3/72) (INMET)
Cel. Pacheco-MG (85) (21,58 S/43,25 W/435/1965-1990) (21.0/132/83/80/80/3/51) (INMET)
Resende-RJ (206) (22,00 S/44,47 W/0/1961-1990) (21.1/133/84/79/80/3/52) (INMET)
Amparo-SP (244) (22,62 S/46,78 W/709/1941-1970) (21.1/116/83/77/80/3/36) (DAEE)
Boituva-SP (269) (23,30 S/47,66 W/645/1941-1970) (20.9/95/82/73/79/3/15) (DAEE)
Guararema-SP (322) (23,41 S/46,03 W/578/1941-1970) (21.2/105/85/76/81/3/24) (DAEE)
Guararema-SP (333) (23,41 S/46,03 W/578/1941-1970) (21.2/105/85/76/81/3/24) (DAEE)
Jacareí-SP (357) (23,30 S/45,96 W/570/1941-1970) (21.4/103/85/73/82/3/21) (DAEE)
Lagoinha-SP (367) (23,08 S/45,23 W/823/1948-1970) (19.8/105/76/80/73/3/31) (DAEE)
Mogi das Cruzes-SP (385) (23,41 S/46,26 W/688/1961-1970) (20.1/101/78/78/75/3/25) (DAEE)
Narandiba-SP (395) (22,41 S/51,51 W/400/1953-1970) (23.0/102/98/78/94/3/8) (DAEE)
Paraguassu Paulista-SP (411) (22,41 S/50,58 W/505/1941-1970) (22.4/105/92/80/90/3/15) (DAEE)
Piraju-SP (424) (23,18 S/49,26 W/540/1960-1970) (21.3/96/85/78/82/3/14) (DAEE)
Rancharia-SP (434) (22,21 S/50,90 W/515/1953-1970) (22.4/100/92/75/89/3/12) (DAEE)
Salto Grande-SP (444) (22,78 S/49,93 W/460/1941-1970) (22.9/101/97/72/93/3/8) (DAEE)
São José dos Campos-SP (469) (23,21 S/45,86 W/593/1943-1970) (21.4/106/86/77/83/3/24) (DAEE)
São Luís do Paraitinga-SP (472) (22,91 S/45,98 W/785/1941-1970) (20.0/99/77/75/74/3/25) (DAEE)
Vinhedo-SP (498) (23,03 S/46,96 W/702/1941-1970) (20.6/104/81/76/77/3/27) (DAEE)
Caravelas-BA (19) (17,73 S/39,25 W/3/1961-1990) (24.5/116/110/80/106/4/10) (INMET)
Iguatu-CE (45) (6,37 S/39,30 W/218/1961-1990) (25.6/190/124/85/120/4/70) (INMET)
Bambuí-MG (78) (20,00 S/45,98 W/661/1972-1990) (20.7/119/81/76/77/4/42) (INMET)
Três Lagoas-MS (114) (20,78 S/51,70 W/313/1961-1990) (23.8/109/105/68/101/4/8) (INMET)
Bangu-RJ (195) (22,92 S/43,17 W/40/1961-1978) (23.8/103/105/70/102/4/2) (INMET)
Ecol. Agrícola-RJ (200) (22,80 S/43,68 W/33/1961-1990) (23.4/102/101/69/97/4/5) (INMET)
Vassouras-RJ (208) (22,33 S/43,67 W/437/1961-1990) (20.8/107/82/75/78/4/29) (INMET)
Anhembi-SP (248) (22,80 S/48,43 W/750/1941-1970) (21.8/104/88/72/84/4/19) (DAEE)
Caçapava-SP (275) (23,15 S/45,76 W/544/1941-1970) (21.6/103/87/73/83/4/21) (DAEE)
Cerquilho-SP (289) (23,15 S/47,80 W/492/1941-1970) (21.4/98/86/70/81/4/16) (DAEE)
Cesário Lange-SP (290) (23,23 S/47,93 W/595/1941-1970) (21.2/99/84/73/81/4/18) (DAEE)
Dois Córregos-SP (303) (22,36 S/48,38 W/681/1941-1970) (21.2/107/84/73/80/4/28) (DAEE)
Dourado-SP (304) (22,13 S/48,31 W/660/1953-1970) (21.2/109/84/77/80/4/29) (DAEE)
Gália-SP (314) (22,30 S/49,55 W/522/1980-1990) (21.4/104/86/90/82/4/22) (IAC)
Itirapina-SP (354) (22,30 S/47,75 W/610/1941-1970) (20.7/112/81/74/77/4/35) (DAEE)
Martinópolis-SP (377) (22,25 S/51,16 W/410/1953-1970) (22.6/97/94/69/90/4/7) (DAEE)
Mococa-SP (384) (21,47 S/47,01 W/665/1961-1990) (22.4/127/91/78/87/4/40) (IAC)
Monte Mor-SP (393) (22,93 S/47,31 W/525/1953-1970) (21.9/104/89/70/85/4/19) (DAEE)
Oriente-SP (405) (22,15 S/50,10 W/593/1941-1970) (21.9/100/88/73/84/4/16) (DAEE)
Pedreira-SP (414) (22,82 S/46,90 W/699/1941-1970) (21.6/112/87/75/82/4/29) (DAEE)
São Carlos-SP (451) (22,05 S/47,96 W/829/1941-1970) (20.5/116/79/76/75/4/41) (DAEE)
São João da Boa Vista-SP (467) (21,96 S/46,81 W/730/1941-1970) (20.9/124/82/81/78/4/46) (DAEE)
São José do Barreiro-SP (468) (22,63 S/44,55 W/528/1941-1970) (22.0/129/90/78/86/4/43) (DAEE)
Torrinha-SP (490) (22,41 S/48,16 W/769/1941-1970) (20.6/110/80/75/76/4/34) (DAEE)
Tupã-SP (491) (21,93 S/50,51 W/517/1953-1970) (22.6/103/93/75/89/4/14) (DAEE)
Araxá-MG (77) (19,57 S/46,93 W/1004/1971-1990) (20.4/131/78/77/73/5/58) (INMET)
Caratinga-MG (83) (19,80 S/42,15 W/609/1971-1990) (21.2/112/83/76/79/5/33) (INMET)
Viçosa-MG (106) (20,75 S/42,85 W/690/1961-1990) (19.4/102/74/69/69/5/33) (INMET)
Carmo-RJ (198) (21,92 S/41,62 W/342/1961-1990) (22.2/122/91/71/86/5/36) (INMET)
Rio de Janeiro-RJ (207) (22,92 S/43,17 W/5/1973-1990) (23.7/98/103/65/98/5/0) (INMET)
Porto Velho-RO (216) (8,76 S/63,08 W/95/1975-1990) (25.1/196/116/88/111/5/85) (INMET)
Baurú-SP (265) (22,31 S/49,06 W/499/1941-1970) (21.6/98/87/66/81/5/16) (DAEE)
Brotas-SP (273) (22,28 S/48,13 W/620/1941-1970) (21.6/110/87/73/82/5/29) (DAEE)
Cachoeira-SP (276) (22,70 S/44,91 W/590/1941-1970) (21.6/118/87/74/81/5/37) (DAEE)
Caconde-SP (277) (21,55 S/46,65 W/840/1941-1970) (20.6/126/80/76/75/5/51) (DAEE)
Capivari-SP (284) (22,93 S/47,48 W/550/1953-1970) (22.0/100/89/63/84/5/16) (DAEE)
Charqueada-SP (291) (22,51 S/47,76 W/603/1941-1970) (21.6/116/87/73/82/5/34) (DAEE)
Duartina-SP (306) (22,41 S/49,40 W/509/1941-1970) (22.3/100/91/67/87/5/13) (DAEE)
Elias Fausto-SP (308) (23,05 S/47,36 W/564/1953-1970) (21.6/98/87/68/82/5/16) (DAEE)
Iacri-SP (327) (21,81 S/50,58 W/410/1953-1970) (22.7/105/94/75/89/5/15) (DAEE)
Irapuru-SP (339) (21,56 S/51,35 W/428/1953-1970) (23.3/101/100/74/95/5/6) (DAEE)
Jaguariúna-SP (359) (22,66 S/46,98 W/570/1941-1970) (21.7/109/88/71/83/5/26) (DAEE)
Mogi Mirim-SP (386) (22,52 S/46,95 W/588/1941-1970) (21.7/110/87/71/82/5/28) (DAEE)
Oswaldo Cruz-SP (407) (21,78 S/50,86 W/440/1953-1957 20e20 1961-1970) (23.0/102/97/71/92/5/10) (DAEE)
Presidente Prudente-SP (429) (22,11 S/51,38 W/475/1941-1970) (22.7/99/95/66/90/5/8) (DAEE)
Quintana-SP (433) (22,06 S/50,31 W/576/1941-1970) (22.1/101/89/70/85/5/16) (DAEE)
Santa Barbara d'Oeste-SP (473) (22,88 S/47,36 W/550/1953-1970) (22.0/101/89/66/84/5/17) (DAEE)
Santo Anastácio-SP (449) (21,96 S/51,65 W/430/1953-1970) (23.0/95/97/67/92/5/3) (DAEE)
Taubaté-SP (486) (23,03 S/45,55 W/560/1941-1970) (21.6/109/87/74/82/5/27) (DAEE)
Guaramiranga-CE (44) (4,28 S/39,00 W/871/1961-1990) (20.5/139/78/77/72/6/67) (INMET)
C. Mato Dentro-MG (86) (19,03 S/43,43 W/652/1971-1990) (20.8/127/81/75/75/6/52) (INMET)
Diamantina-MG (87) (18,25 S/43,60 W/1296/1972-1990) (18.1/117/68/74/62/6/55) (INMET)
Macaé-RJ (203) (22,60 S/41,80 W/0/1961-1990) (23.5/98/100/50/94/6/4) (INMET)
Aparecida-SP (249) (22,83 S/45,23 W/526/1942-1970) (21.8/111/88/72/81/6/29) (DAEE)
Conchas-SP (293) (23,01 S/48,01 W/460/1958-1970) (22.2/97/91/67/85/6/12) (DAEE)
Cosmópolis-SP (296) (22,66 S/47,21 W/604/1941-1970) (21.9/105/89/65/82/6/22) (DAEE)
Cruzeiro-SP (299) (22,56 S/44,95 W/557/1941-1970) (22.1/120/90/74/85/6/36) (DAEE)
Laranjal Paulista-SP (368) (22,91 S/47,90 W/470/1941-1970) (22.0/97/89/64/83/6/14) (DAEE)
Lorena-SP (371) (22,73 S/45,20 W/528/1951-1970) (22.0/115/89/73/84/6/32) (DAEE)
Macatuba-SP (373) (23,51 S/48,65 W/460/1941-1970) (22.6/103/94/65/87/6/16) (DAEE)
Piracicaba-SP (423) (22,70 S/47,63 W/490/1917-1998) (21.6/103/87/67/81/6/22) (ESALQ/USP)
Ribeirão Preto-SP (440) (21,18 S/47,80 W/521/1961-1990) (22.4/127/92/75/86/6/42) (IAC)
Santa Rita do Passa Quatro-SP (477) (21,75 S/47,46 W/715/1941-1970) (21.1/123/83/73/77/6/47) (DAEE)
Rio Branco-AC (1) (9,58 S/67,29 W/160/1969-1990) (24.9/162/114/75/107/7/55) (INMET)
São Mateus-ES (55) (18,70 S/39,85 W/25/1971-1990) (23.8/101/104/53/97/7/4) (INMET)
Uberaba-MG (105) (19,75 S/47,92 W/742/1961-1990) (21.9/132/87/76/80/7/53) (INMET)
Paranaíba-MS (112) (19,70 S/51,18 W/331/1971-1990) (23.3/121/99/71/92/7/29) (INMET)
Aguaí-SP (237) (22,06 S/46,98 W/660/1941-1970) (21.5/112/86/69/79/7/33) (DAEE)
Altinópolis-SP (239) (20,83 S/47,31 W/740/1941-1970) (20.7/126/80/75/74/7/53) (DAEE)
Americana-SP (241) (22,70 S/47,28 W/501/1941-1970) (22.0/105/89/64/82/7/23) (DAEE)
Américo Brasiliense-SP (242) (21,71 S/48,01 W/717/1941-1970) (21.3/111/84/69/77/7/33) (DAEE)
Analândia-SP (245) (22,13 S/47,40 W/684/1941-1970) (21.3/105/84/66/78/7/27) (DAEE)
Araraquara-SP (253) (21,85 S/48,51 W/469/1941-1970) (21.8/111/87/70/81/7/30) (DAEE)
Corumbataí-SP (295) (22,23 S/47,63 W/575/1941-1970) (21.9/112/88/72/81/7/31) (DAEE)
Dracena-SP (305) (21,48 S/51,53 W/418/1953-1970) (23.6/99/102/63/95/7/4) (DAEE)
Franca-SP (312) (20,55 S/47,43 W/1026/1961-1990) (20.2/129/77/78/71/7/58) (INMET)
Guaimbê-SP (318) (21,88 S/49,88 W/480/1953-1970) (23.0/103/97/61/90/7/13) (DAEE)
Guaratinguetá-SP (323) (22,81 S/45,18 W/530/1941-1965) (21.9/110/89/68/82/7/27) (DAEE)
Itapira-SP (347) (22,45 S/46,83 W/630/1941-1970) (21.5/112/86/67/79/7/33) (DAEE)
Itapuí-SP (349) (22,31 S/48,71 W/475/1941-1970) (22.5/101/93/61/86/7/15) (DAEE)
Júlio Mesquita-SP (363) (21,98 S/49,81 W/465/1953-1970) (22.8/98/96/53/88/7/10) (DAEE)
Leme-SP (369) (21,16 S/47,30 W/607/1941-1970) (21.8/109/88/67/80/7/28) (DAEE)
Lucélia-SP (372) (21,73 S/51,01 W/460/1953-1970) (23.1/97/98/63/91/7/6) (DAEE)
Pindorama-SP (419) (21,22 S/48,93 W/562/1961-1990) (22.8/116/95/66/88/7/28) (IAC)
Pirassununga-SP (426) (21,96 S/47,43 W/600/1941-1970) (21.7/112/87/67/80/7/32) (DAEE)
Presidente Venceslau-SP (430) (21,88 S/51,85 W/420/1941-1970) (23.2/95/99/56/92/7/3) (DAEE)
Queluz-SP (432) (22,51 S/44,76 W/490/1956-1970) (22.5/119/93/68/86/7/33) (DAEE)
Ribeirão Bonito-SP (439) (22,06 S/48,18 W/585/1941-1970) (22.0/108/89/66/82/7/26) (DAEE)
Rio Claro-SP (442) (22,41 S/47,58 W/612/1941-1970) (21.6/104/87/65/80/7/25) (DAEE)
Teodoro Sampaio-SP (488) (22,46 S/52,18 W/330/1958-1970) (23.4/94/101/60/95/7/2) (DAEE)
Vitória-ES (56) (20,32 S/40,33 W/36/1961-1990) (24.2/106/108/49/100/8/6) (INMET)
Ibirité-MG (90) (20,01 S/44,50 W/814/1961-1990) (20.5/123/80/69/72/8/51) (INMET)
Coxim-MS (109) (18,50 S/56,77 W/287/1973-1990) (24.5/124/111/69/103/8/22) (INMET)
Alto Alegre-SP (240) (21,60 S/50,16 W/500/1941-1970) (22.8/102/95/60/87/8/15) (DAEE)
Bananal-SP (259) (22,66 S/44,31 W/445/1941-1961) (22.6/119/94/66/86/8/33) (DAEE)
Braúna-SP (272) (25,16 S/50,30 W/490/1941-1970) (23.0/104/97/63/89/8/15) (DAEE)
Cravinhos-SP (298) (21,38 S/47,71 W/690/1941-1970) (21.1/120/83/69/74/8/46) (DAEE)
Descalvado-SP (302) (21,91 S/47,63 W/648/1941-1970) (21.7/112/87/66/79/8/33) (DAEE)
Flórida Paulista-SP (311) (21,66 S/51,16 W/410/1953-1970) (23.3/96/99/59/91/8/5) (DAEE)
Guaiçara-SP (317) (21,63 S/49,28 W/440/1941-1970) (23.2/109/99/60/91/8/18) (DAEE)
Guará-SP (320) (23,36 S/48,18 W/645/1959-1970) (23.1/105/97/65/89/8/15) (DAEE)
Guarantã-SP (321) (21,90 S/49,58 W/492/1941-1970) (22.7/98/94/60/86/8/12) (DAEE)
Jeriquara-SP (362) (20,31 S/47,60 W/870/1941-1970) (21.1/128/83/74/74/8/53) (DAEE)
Nova Europa-SP (399) (21,80 S/48,63 W/430/1941-1970) (22.9/110/96/62/87/8/22) (DAEE)
Pirajuí-SP (425) (22,03 S/49,46 W/550/1953-1970) (22.8/100/95/59/88/8/13) (DAEE)
Santa Cruz das Palmeiras-SP (475) (21,83 S/47,26 W/644/1941-1970) (21.8/111/87/66/79/8/32) (DAEE)
Santa Rosa do Viterbo-SP (478) (21,41 S/47,36 W/610/1941-1970) (21.4/113/85/68/77/8/36) (DAEE)
São José do Rio Pardo-SP (470) (21,63 S/46,90 W/680/1941-1970) (21.6/120/86/69/79/8/41) (DAEE)
Iúna-ES (53) (20,50 S/41,00 W/450/1946-1960) (21.0/106/82/65/73/9/33) (INMET)
Linhares-ES (54) (19,40 S/40,07 W/28/1970-1990) (23.6/100/102/49/92/9/8) (INMET)
Comodoro-MT (569) (14,26 S/59,23 W/600/1987-1992) (22.7/162/92/78/83/9/79) (ALCOMAT)
Breves-PA (122) (1,67 S/50,48 W/15/1971-1989) (25.8/191/125/74/116/9/75) (INMET)
Bálsamo-SP (258) (20,73 S/49,56 W/545/1953-1970) (23.0/112/97/61/88/9/23) (DAEE)
Monte Alto-SP (389) (21,21 S/48,45 W/680/1941-1957) (21.7/110/87/65/78/9/32) (DAEE)
Monte Azul Paulista-SP (390) (21,08 S/48,65 W/605/1957-1970) (22.6/116/93/64/84/9/32) (DAEE)
Penápolis-SP (415) (21,48 S/50,11 W/410/1941-1970) (23.6/106/103/55/93/9/12) (DAEE)
São Simão-SP (457) (21,48 S/47,33 W/617/1978-1989) (22.0/122/89/67/80/9/42) (INMET)
Ipameri-GO (62) (17,72 S/48,17 W/773/1977-1990) (21.9/121/88/65/77/10/43) (INMET)
Belo Horizonte-MG (80) (19,93 S/43,93 W/850/1961-1990) (21.1/124/82/65/72/10/53) (INMET)
Areia-PB (536) (6,96 S/35,70 W/445/1911-1990) (21.6/115/84/66/74/10/40) (UFCG)
Bariri-SP (261) (22,06 S/48,73 W/450/1941-1970) (23.0/100/97/55/87/10/13) (DAEE)
Borborema-SP (270) (21,71 S/49,01 W/400/1941-1970) (23.5/102/102/50/92/10/11) (DAEE)
Catanduva-SP (286) (21,13 S/48,97 W/536/1961-1990) (23.2/105/98/57/88/10/17) (INMET)
Getulina-SP (316) (21,75 S/50,11 W/450/1953-1970) (23.1/94/98/49/88/10/6) (DAEE)
Ibitinga-SP (328) (21,76 S/48,83 W/453/1941-1970) (23.1/102/97/54/88/10/14) (DAEE)
Reginópolis-SP (436) (21,88 S/49,21 W/410/1941-1970) (23.3/98/99/54/90/10/8) (DAEE)
Taguaritinga-SP (483) (21,41 S/48,50 W/512/1941-1970) (22.5/112/93/61/82/10/29) (DAEE)
Urupês-SP (494) (21,20 S/49,30 W/618/1941-1970) (22.3/101/91/58/81/10/20) (DAEE)
Maceio-AL (3) (9,67 S/35,70 W/65/1961-1990) (24.8/181/112/70/101/11/80) (INMET)
Rio Verde-GO (66) (17,80 S/50,92 W/745/1972-1987) (22.5/142/91/70/80/11/63) (INMET)
Triunfo-PE (147) (7,85 S/38,13 W/1019/1961-1990) (21.0/114/81/69/70/11/44) (INMET)
Adamantina-SP (236) (21,18 S/51,05 W/440/1958-1970) (23.2/97/98/57/87/11/10) (DAEE)
Avanhangava-SP (256) (21,23 S/49,93 W/348/1941-1970) (23.4/96/101/52/90/11/7) (DAEE)
Birigui-SP (268) (21,30 S/50,38 W/415/1941-1970) (23.8/104/104/52/93/11/10) (DAEE)
Buritizal-SP (274) (20,23 S/47,73 W/725/1941-1970) (22.2/127/90/67/78/11/49) (DAEE)
Coroados-SP (294) (21,01 S/50,18 W/320/1941-1970) (23.6/99/103/51/91/11/7) (DAEE)
Guariba-SP (324) (21,40 S/48,23 W/602/1941-1970) (22.3/109/91/60/80/11/29) (DAEE)
Jaboticabal-SP (356) (21,25 S/48,31 W/580/1941-1970) (22.6/111/93/62/82/11/29) (DAEE)
Matão-SP (378) (21,60 S/48,36 W/551/1941-1970) (22.5/109/93/59/82/11/27) (DAEE)
Orlândia-SP (406) (20,71 S/47,96 W/610/1941-1970) (22.3/126/91/66/80/11/47) (DAEE)
Morro do Chapéu-BA (32) (11,22 S/41,22 W/1003/1961-1990) (19.7/62/74/44/62/12/0) (INMET)
Brasília-DF (51) (15,78 S/47,93 W/1159/1963-1990) (21.2/129/82/71/70/12/59) (INMET)
Patos de Minas-MG (99) (18,60 S/46,52 W/940/1961-1990) (21.1/123/82/68/70/12/53) (INMET)
Sete Lagoas-MG (103) (19,47 S/44,25 W/732/1961-1990) (20.9/111/82/62/70/12/41) (INMET)
Itajobi-SP (342) (21,30 S/49,08 W/455/1941-1970) (23.3/104/99/51/87/12/17) (DAEE)
Jales-SP (360) (20,27 S/50,55 W/483/1995-2002) (23.4/111/99/55/87/12/24) (CNPUV/EMBRAPA)
Mendonça-SP (380) (21,18 S/49,58 W/540/1941-1970) (22.8/95/95/51/83/12/12) (DAEE)
Mirandópolis-SP (382) (21,01 S/51,10 W/420/1953-1970) (23.6/91/102/44/90/12/1) (DAEE)
Mirassol-SP (383) (20,81 S/49,51 W/567/1941-1957 20e20 1969-1970) (22.8/97/95/55/83/12/14) (DAEE)
Nuporanga-SP (402) (20,65 S/47,68 W/620/1941-1970) (22.6/123/93/64/81/12/42) (DAEE)
Santa Adélia-SP (446) (21,25 S/48,75 W/575/1941-1952 20e20 1958-1970) (22.4/105/91/58/79/12/26) (DAEE)
Votuporanga-SP (501) (20,50 S/49,98 W/430/1953-1957 20e20 1963-1970) (23.5/103/101/55/89/12/14) (DAEE)
Catalão-GO (58) (18,18 S/47,95 W/840/1961-1990) (22.0/124/87/66/74/13/50) (INMET)
Pirenópolis-GO (64) (15,85 S/48,97 W/740/1976-1990) (22.6/147/91/68/78/13/69) (INMET)
Capinópolis-MG (82) (18,68 S/49,57 W/620/1974-1990) (23.0/127/96/67/82/13/45) (INMET)
São Félix Xingu-PA (129) (6,63 S/51,98 W/150/1973-1990) (25.0/172/114/68/101/13/71) (INMET)
Itaperuna-RJ (202) (21,20 S/41,88 W/124/1969-1990) (23.5/98/101/47/89/13/9) (INMET)
Araçatuba-SP (251) (21,05 S/50,47 W/310/1941-1970) (23.8/98/104/49/92/13/6) (DAEE)
Colina-SP (292) (20,71 S/48,53 W/589/1941-1970) (22.8/108/95/58/82/13/26) (DAEE)
Fernandópolis-SP (310) (20,28 S/50,25 W/536/1953-1970) (23.5/101/100/54/88/13/14) (DAEE)
Igarapava-SP (332) (20,05 S/47,75 W/700/1941-1970) (23.2/127/98/65/85/13/42) (DAEE)
Novo Horizonte-SP (401) (21,43 S/49,23 W/610/1941-1970) (23.2/95/99/48/86/13/9) (DAEE)
Pontal-SP (427) (21,03 S/48,21 W/515/1941-1970) (23.0/114/97/59/84/13/31) (DAEE)
Severínia-SP (466) (20,81 S/48,80 W/560/1953-1970) (22.7/106/94/55/82/13/24) (DAEE)
Manaus-AM (7) (3,13 S/60,02 W/72/1961-1990) (26.7/190/139/68/125/14/66) (INMET)
Alagoinhas-BA (12) (17,28 S/38,58 W/131/1961-1990) (23.9/103/104/56/90/14/13) (INMET)
C. Itapemirim-ES (52) (20,85 S/41,10 W/77/1961-1990) (23.7/89/103/36/89/14/0) (INMET)
Cataguases-MG (84) (21,58 S/42,68 W/168/1961-1979) (22.7/103/94/55/80/14/23) (INMET)
Pompeu-MG (101) (19,22 S/45,00 W/690/1973-1990) (22.1/102/89/57/76/14/27) (INMET)
Cidade Vera-MT (116) (12,20 S/56,50 W/415/1973-1990) (24.0/198/103/75/89/14/108) (INMET)
Tiriós-PA (131) (2,48 S/55,98 W/325/1972-1990) (24.7/144/111/63/97/14/47) (INMET)
Recife-PE (145) (8,05 S/34,92 W/7/1961-1990) (25.5/205/121/68/107/14/98) (INMET)
Altair-SP (238) (20,51 S/49,06 W/558/1953-1970) (23.3/105/99/54/85/14/21) (DAEE)
Andradina-SP (246) (20,54 S/51,38 W/390/1953-1970) (24.0/94/106/42/92/14/2) (DAEE)
Bebedouro-SP (266) (20,83 S/48,50 W/567/1941-1970) (23.0/108/97/54/82/14/26) (DAEE)
Catiguá-SP (287) (21,06 S/49,05 W/482/1958-1970) (23.3/110/99/60/85/14/25) (DAEE)
Potirendaba-SP (428) (21,05 S/49,38 W/475/1941-1970) (23.3/97/99/49/86/14/12) (DAEE)
Queirós-SP (431) (21,83 S/50,21 W/390/1953-1966) (23.4/91/101/36/87/14/4) (DAEE)
São José do Rio Preto-SP (471) (20,80 S/49,38 W/475/1941-1970) (23.5/103/101/51/87/14/16) (DAEE)
Formosa-GO (59) (15,53 S/47,33 W/912/1961-1990) (21.5/124/84/66/69/15/55) (INMET)
Itamarandiba-MG (91) (17,85 S/42,85 W/1097/1963-1990) (20.1/90/77/59/63/15/28) (INMET)
Teófilo Otoni-MG (104) (17,85 S/41,52 W/356/1970-1990) (22.4/88/91/52/77/15/12) (INMET)
Campos-RJ (197) (21,75 S/41,33 W/11/30 anos) (23.9/90/105/36/90/15/1) (FAO - Bol.49)
Cajobi-SP (278) (20,83 S/48,85 W/565/1960-1970) (22.8/111/95/57/80/15/31) (DAEE)
Nipuã-SP (398) (20,91 S/49,78 W/442/1941-1970) (23.6/98/102/51/88/15/10) (DAEE)
Olímpia-SP (403) (20,71 S/48,93 W/520/1941-1970) (23.4/107/100/53/85/15/22) (DAEE)
Onda Verde-SP (404) (20,61 S/49,33 W/498/1941-1970) (23.4/109/100/54/86/15/23) (DAEE)
Tanabi-SP (481) (20,61 S/49,65 W/512/1958-1970) (23.3/102/99/52/85/15/17) (DAEE)
Valentim Gentil-SP (495) (20,41 S/50,08 W/510/1960-1970) (23.5/96/101/53/85/15/11) (DAEE)
Viradouro-SP (499) (20,86 S/48,30 W/530/1941-1970) (23.1/109/97/54/82/15/27) (DAEE)
Vitória da Conquista-BA (39) (15,95 S/40,88 W/839/1961-1990) (20.2/61/77/42/61/16/0) (INMET)
Paracatu-MG (98) (17,22 S/46,87 W/711/1974-1990) (22.6/120/92/60/76/16/43) (INMET)
Alagoa Nova-PB (529) (7,06 S/35,78 W/500/1911-1990) (22.9/107/93/59/78/16/30) (UFCG)
Bananeiras-PB (539) (6,76 S/35,63 W/552/1911-1990) (22.3/99/89/59/73/16/26) (UFCG)
Garanhuns-PE (142) (8,88 S/36,32 W/822/1964-1989) (20.5/72/78/53/62/16/10) (INMET)
Palestina-SP (409) (20,40 S/49,43 W/542/1958-1970) (23.3/102/99/54/83/16/19) (DAEE)
Salto de Pirapora-SP (445) (23,63 S/47,55 W/545/1944-1970) (21.4/70/86/14/70/16/0) (DAEE)
Goiânia-GO (60) (16,67 S/49,25 W/741/1961-1990) (23.2/131/97/66/80/17/52) (INMET)
Serraria-PB (625) (6,81 N/35,63 E/360/1911-1990) (23.7/109/101/58/84/17/25) (UFPA)
Barretos-SP (263) (20,43 S/48,55 W/545/1941-1970) (23.3/104/99/55/83/17/21) (DAEE)
Macedônia-SP (374) (20,15 S/50,18 W/518/1959-1970) (23.6/91/102/45/84/18/8) (DAEE)
Urânia-SP (493) (20,25 S/50,65 W/423/1958-1970) (24.0/94/105/46/87/18/7) (DAEE)
Caetité-BA (16) (14,05 S/42,62 W/882/1961-1990) (21.3/74/83/56/64/19/10) (INMET)
João Pinheiro-MG (92) (17,70 S/46,17 W/760/1961-1990) (22.5/120/91/61/72/19/48) (INMET)
Belterra-PA (121) (2,63 S/54,95 W/176/1967-1990) (25.1/159/116/67/97/19/62) (INMET)
Itaituba-PA (124) (4,27 S/55,58 W/45/1971-1990) (26.7/163/140/61/120/19/42) (INMET)
Porto do Moz-PA (128) (1,73 S/52,23 W/16/1966-1990) (26.4/198/134/67/115/19/83) (INMET)
Mataraca-PB (597) (6,60 N/35,05 E/35/1911-1990) (25.3/145/119/61/100/19/44) (UFBA)
Américo de Campos-SP (243) (20,30 S/49,73 W/479/1959-1970) (23.7/94/103/43/84/19/10) (DAEE)
Panorama-SP (410) (21,35 S/51,85 W/280/1953-1968) (24.4/92/111/21/92/19/0) (DAEE)
Icem-SP (330) (20,31 S/49,20 W/395/1941-1970) (24.3/103/109/47/89/20/14) (DAEE)
Barcelos-AM (5) (0,98 S/62,92 W/40/1964-1990) (26.0/220/127/69/106/21/115) (INMET)
Montes Claros-MG (97) (16,72 S/43,87 W/646/1969-1990) (22.4/90/91/53/70/21/20) (INMET)
Pereira Barreto-SP (416) (20,68 S/51,11 W/307/1953-1970) (24.7/94/114/35/93/21/1) (DAEE)
Parintins-AM (8) (2,63 S/56,73 W/29/1962-1990) (27.2/185/149/67/127/22/59) (INMET)
Serrinha-BA (37) (11,63 S/38,97 W/359/1961-1990) (23.6/79/101/20/79/22/0) (INMET)
Cáceres-MT (115) (16,05 S/57,68 W/118/1971-1990) (25.2/112/120/47/98/22/15) (INMET)
Alhandra-PB (531) (7,43 S/34,92 W/49/1911-1990) (25.1/151/116/59/94/22/58) (UFCG)
Posse-GO (65) (14,10 S/46,37 W/825/1976-1990) (23.4/128/98/59/75/23/53) (INMET)
Aimorés-MG (75) (19,48 S/41,07 W/83/1973-1990) (24.6/97/112/39/89/23/7) (INMET)
Pedra Azul-MG (100) (16,00 S/41,28 W/649/1973-1990) (22.1/71/88/38/66/23/5) (INMET)
Araruna-PB (535) (6,51 S/34,76 W/580/1911-1990) (22.2/71/88/49/65/23/6) (UFCG)
Monte Castelo-SP (391) (21,30 S/51,56 W/330/1958-1968) (24.1/85/108/14/85/23/0) (DAEE)
Aragarças-GO (57) (15,90 S/52,23 W/345/1968-1970) (24.9/131/114/53/90/24/42) (INMET)
Diamantino-MT (118) (14,40 S/56,45 W/286/1962-1990) (25.2/135/117/59/93/24/41) (INMET)
Fagundes-PB (577) (7,35 S/35,80 W/520/1911-1990) (22.7/82/92/52/68/24/0) (UFCG)
Sta. Maria da Paraíba-PB (636) (8,03 N/36,68 E/800/1911-1990) (21.3/62/83/50/59/24/2) (UFPB)
Macapá-AP (10) (0,03 S/50,03 W/14/1968-1990) (26.6/214/137/66/112/25/102) (INMET)
Gov. Valadares-MG (89) (18,85 S/41,93 W/277/1967-1990) (24.5/93/110/41/85/25/8) (INMET)
Cuiabá-MT (117) (15,33 S/56,12 W/151/1961-1990) (25.6/110/124/46/100/25/10) (INMET)
Tucuruí-PA (133) (3,72 S/49,72 W/40/1971-1990) (26.4/144/135/48/110/25/34) (INMET)
Cuite-PB (567) (6,48 S/36,15 W/620/1911-1990) (22.3/71/89/52/64/25/7) (UFCG)
Goiás-GO (61) (15,92 S/50,13 W/512/1961-1990) (24.7/150/111/60/86/26/64) (INMET)
Corumbá-MS (108) (19,08 S/57,50 W/130/1975-1990) (25.0/93/119/17/93/26/0) (INMET)
Tracuateua-PA (132) (1,08 S/47,17 W/36/1973-1990) (25.7/212/123/69/97/26/115) (INMET)
Aracajú-SE (235) (10,92 S/37,05 W/5/1961-1990) (26.0/133/128/56/102/26/31) (INMET)
Altamira-PA (119) (3,20 S/51,20 W/74/1967-1990) (26.0/190/129/65/102/27/88) (INMET)
Conceição do Araguaia-PA (123) (8,25 S/49,28 W/157/1966-1990) (25.7/146/123/60/96/27/50) (INMET)
Correntina-BA (22) (13,47 S/44,77 W/586/1961-1990) (23.5/90/99/50/71/28/19) (INMET)
João Pessoa-PB (135) (7,10 S/34,87 W/7/1961-1990) (26.1/178/131/56/103/28/74) (INMET)
Mamanguape-PB (596) (6,83 N/35,11 E/54/1911-1990) (25.3/123/119/53/91/28/32) (UFPA)
Umbuzeiro-PB (642) (7,70 N/35,66 E/553/1911-1990) (22.3/65/89/37/61/28/4) (UFPB)
Barreiras-BA (14) (12,15 S/45,00 W/439/1961-1990) (24.3/93/107/53/78/29/15) (INMET)
Senhor do Bonfim-BA (36) (10,47 S/40,18 W/558/1961-1990) (23.5/71/99/5/71/29/0) (INMET)
Mata Virgem-PB (598) (7,73 N/35,82 E/645/1911-1990) (21.8/55/86/24/55/30/0) (UFPB)
Monteiro-PB (136) (7,88 S/37,07 W/604/1961-1990) (23.5/70/99/35/69/30/1) (INMET)
Santa Rita de Cássia-BA (38) (11,02 S/44,52 W/550/1961-1990) (24.1/84/105/51/74/31/10) (INMET)
Óbidos-PA (127) (1,92 S/55,52 W/37/1971-1990) (26.6/165/138/57/107/31/59) (INMET)
Campina Grande-PB (134) (7,22 S/35,88 W/548/1961-1990) (23.3/67/97/30/66/31/1) (INMET)
Sta.Rita-PB (617) (7,13 N/34,98 E/16/1911-1990) (25.5/123/121/52/90/31/33) (UFPB)
Vila Maia-PB (643) (6,80 N/35,58 E/210/1911-1990) (24.8/91/112/45/81/31/10) (UFPA)
Ceara Mirim-RN (210) (5,65 S/35,42 W/61/1961-1990) (25.4/105/119/52/88/31/17) (INMET)
Taguatinga-TO (505) (12,40 S/46,43 W/604/1961-1990) (24.5/139/109/58/78/31/61) (INMET)
Itacoatiara-AM (6) (3,13 S/58,43 W/40/1967-1990) (25.9/160/127/61/95/32/65) (INMET)
Cipó-BA (21) (11,08 S/38,52 W/145/1961-1991) (25.0/89/116/44/84/32/5) (INMET)
Marabá-PA (125) (5,35 S/49,15 W/95/1973-1990) (26.2/173/131/51/99/32/75) (INMET)
Cabo Frio-RJ (196) (22,98 N/42,03 E/7/1961-1990) (23.2/64/96/0/64/32/0) (INMET)
Peixe-TO (503) (12,05 S/48,53 W/242/1975-1990) (25.6/143/123/56/91/32/53) (INMET)
Paranã-GO (63) (12,55 S/47,83 W/275/1966-1990) (25.0/111/115/51/81/33/29) (INMET)
Soure-PA (130) (0,40 S/48,33 W/11/1941-1970) (27.3/268/152/64/118/33/150) (INMET)
Guarariba-PB (579) (6,85 S/35,48 W/89/1911-1990) (25.2/96/118/46/85/33/11) (UFCG)
Ilha Solteira-SP (585) (20,40 S/51,40 W/335/1993-2003) (25.2/88/121/19/88/33/0) (UNESP)
Jacobina-BA (29) (11,18 S/40,47 W/485/1961-1990) (24.0/70/104/0/70/34/0) (INMET)
Cacimba de Dentro-PB (552) (6,63 S/35,78 W/460/1911-1990) (23.1/61/95/0/61/34/0) (UFCG)
Grajaú-MA (70) (5,80 S/46,45 W/164/1966-1990) (25.4/107/119/40/83/36/24) (INMET)
Aracagi-PB (533) (6,85 S/35,36 W/170/1911-1990) (24.8/82/112/39/76/36/6) (UFCG)
Arco Verde-PE (138) (8,42 S/37,08 W/681/1973-1990) (22.9/58/94/25/58/36/0) (INMET)
Turiaçu-MA (73) (1,72 S/45,40 W/44/1976-1990) (26.4/183/133/61/97/37/86) (INMET)
Monte Azul-MG (96) (15,08 S/42,75 W/603/1975-1990) (24.0/69/104/37/67/37/2) (INMET)
Alagoa Grande-PB (528) (7,05 S/35,63 W/180/1911-1990) (25.1/80/115/30/79/37/1) (UFCG)
Carolina-MA (68) (7,20 S/47,47 W/194/1971-1990) (26.1/143/130/53/92/38/51) (INMET)
Imaculada-PB (582) (7,38 S/37,50 W/750/1911-1990) (22.4/56/90/36/52/38/4) (UFCG)
Teixeira-PB (640) (7,21 N/37,26 E/770/1911-1990) (22.1/62/87/37/49/38/12) (UFPB)
Porto Nacional-TO (504) (10,72 S/48,42 W/239/1961-1990) (26.1/139/130/58/92/38/47) (INMET)
São Luís-MA (72) (2,53 S/44,30 W/51/1971-1990) (26.3/194/133/63/94/39/100) (INMET)
Araçuaí-MG (76) (16,87 S/42,07 W/284/1973-1990) (24.4/70/110/27/70/39/0) (INMET)
Monte Alegre-PA (126) (2,00 S/54,08 W/146/1974-1990) (26.4/140/135/52/96/39/44) (INMET)
Ituaçu-BA (28) (13,82 S/41,30 W/531/1961-1990) (23.4/59/99/10/59/40/0) (INMET)
Zé Doca-MA (74) (3,72 S/45,53 W/45/1976-1990) (26.4/145/135/52/95/40/49) (INMET)
Surubim-PE (146) (7,83 S/35,43 W/418/1961-1990) (23.5/59/99/23/59/40/0) (INMET)
Irecê-BA (25) (11,30 S/41,87 W/747/1961-1990) (23.1/54/96/8/54/41/0) (INMET)
Nortelândia-MT (572) (14,36 S/56,86 W/244/1962-1990) (26.7/107/142/30/101/41/5) (INMET)
Espinosa-MG (88) (14,92 S/42,85 W/570/1974-1990) (24.1/62/105/26/62/42/0) (INMET)
Bonito de Santa Fé-PB (548) (7,31 S/38,51 W/575/1911-1990) (24.2/78/106/37/64/42/14) (UFCG)
Palmeira dos Índios-AL (4) (9,45 S/36,42 W/275/1975-1990) (24.4/72/109/36/66/43/6) (INMET)
Monte Santo-BA (31) (10,43 S/39,30 W/464/1961-1990) (22.7/50/93/0/50/43/0) (INMET)
Barra do Corda-MA (67) (5,50 S/45,16 W/153/1971-1990) (25.6/102/123/39/79/43/23) (INMET)
Fortaleza-CE (43) (3,77 S/38,60 W/26/1961-1990) (26.6/137/137/50/92/45/45) (INMET)
Camalau-PB (555) (7,92 S/36,87 W/565/1911-1990) (23.3/52/97/20/52/45/0) (UFPB)
Sossego-PB (633) (6,76 N/36,25 E/600/1911-1990) (22.5/45/91/17/45/45/0) (UFPA)
Imperatriz-MA (71) (5,53 S/47,50 W/123/1976-1990) (26.5/122/136/44/90/46/32) (INMET)
São Sebatião do Umbuzeiro-PB (635) (8,15 N/37,20 E/600/1911-1990) (23.1/50/96/21/50/46/0) (UFPB)
Itaberaba-BA (26) (12,55 S/40,43 W/250/1961-1990) (24.6/64/111/0/64/47/0) (INMET)
Caiçara-PB (553) (6,61 S/35,46 W/185/1911-1990) (24.8/65/112/11/65/47/0) (UFCG)
Carinhanha-BA (20) (14,17 S/43,92 W/440/1961-1990) (25.0/68/115/28/68/48/0) (INMET)
Lagoa dos Marcos-PB (593) (7,53 N/35,82 E/430/1911-1990) (23.4/49/98/9/49/49/0) (UFPB)
São Jose dos Cordeiros-PB (630) (7,38 N/36,81 E/610/1911-1990) (23.0/45/94/25/45/49/0) (UFPB)
Timbauba-PB (641) (7,02 N/38,30 E/520/1911-1990) (24.6/75/110/35/61/49/15) (UFPA)
Fernando de Noronha-PE (140) (3,85 S/32,42 W/56/1961-1990) (26.5/118/136/47/87/49/31) (INMET)
Aroeiras-PB (537) (7,52 S/35,68 W/340/1911-1990) (23.9/53/103/3/53/50/0) (UFCG)
Serra Grande-PB (624) (7,25 N/38,31 E/585/1911-1990) (24.1/67/105/33/54/51/13) (UFPA)
Bom Jesus-PB (589) (7,35 N/38,36 E/470/1911-1990) (25.0/71/115/32/64/52/7) (UFPA)
Mulungu-PB (599) (7,03 N/35,48 E/100/1911-1990) (25.5/69/121/16/69/52/0) (UFPB)
Bom Jesus do Piauí-PI (148) (9,10 S/44,12 W/332/1971-1990) (26.5/96/137/41/85/52/11) (INMET)
Tauá-CE (50) (6,00 S/40,42 W/399/1964-1989) (26.0/77/130/10/77/53/0) (INMET)
São João do Tigre-PB (627) (8,07 N/36,86 E/616/1911-1990) (22.9/41/94/9/41/53/0) (UFPB)
Campos Sales-CE (41) (7,00 S/40,28 W/584/1961-1990) (24.1/51/105/17/51/54/0) (INMET)
Juazeirinho-PB (592) (7,06 N/36,58 E/570/1911-1990) (23.1/42/95/10/42/54/0) (UFPB)
Congo-PB (565) (7,80 S/36,67 W/500/1911-1990) (23.7/45/101/16/45/55/0) (UFCG)
Olivedos-PB (603) (6,98 N/36,25 E/545/1911-1990) (23.0/39/94/1/39/55/0) (UFPA)
Sume-PB (638) (7,65 N/36,93 E/510/1911-1990) (23.8/47/102/13/47/55/0) (UFPB)
Barbalha-CE (40) (7,32 S/39,30 W/409/1968-1990) (25.2/83/117/38/61/56/22) (INMET)
Arapuá-PB (534) (7,11 S/38,58 W/500/1911-1990) (24.9/69/113/31/57/56/12) (UFCG)
Pocinhos-PB (610) (7,07 N/36,07 E/624/1911-1990) (22.2/32/89/0/32/57/0) (UFPB)
Desterro-PB (574) (7,28 S/37,10 W/590/1911-1990) (23.3/40/97/15/40/58/0) (UFCG)
Sto.André-PB (619) (7,21 N/36,63 E/470/1911-1990) (23.9/44/102/5/44/58/0) (UFPB)
Caxias-MA (69) (4,87 S/43,35 W/104/1966-1990) (26.9/130/144/47/85/59/44) (INMET)
Barra de São Miguel-PB (540) (7,75 S/36,33 W/520/1911-1990) (23.2/38/97/0/38/59/0) (UFCG)
Taperoa-PB (639) (7,20 N/36,83 E/500/1911-1990) (23.8/43/102/8/43/59/0) (UFPB)
Teresina-PI (153) (5,08 S/42,82 W/74/1961-1990) (26.5/120/139/45/81/59/40) (INMET)
Ibiara-PB (581) (7,48 S/38,41 W/330/1911-1990) (26.1/85/131/34/72/60/14) (UFCG)
Olho D´Água-PB (602) (7,21 N/37,76 E/275/1911-1990) (26.2/94/133/37/73/60/21) (UFPB)
Sta. Terezinha-PB (637) (7,08 N/37,45 E/380/1911-1990) (25.2/70/117/30/57/60/13) (UFPB)
Balanças-PB (538) (6,98 S/38,73 W/400/1911-1990) (25.7/75/124/30/64/61/11) (UFCG)
Mãe D´Água de Dentro-PB (594) (7,25 N/37,43 E/370/1911-1990) (25.3/63/118/27/58/61/5) (UFPB)
Sta.Tereza-PB (618) (7,11 N/36,41 E/500/1911-1990) (23.5/38/99/4/38/61/0) (UFPB)
Boa Vista-RR (217) (2,82 N/60,42 W/90/1923-1997) (27.4/140/153/40/92/61/49) (INMET)
Boqueirão-PB (549) (7,48 S/36,11 W/380/1911-1990) (24.1/42/105/0/42/62/0) (UFCG)
Coxixola-PB (566) (7,61 S/36,61 W/465/1911-1990) (23.9/41/103/4/41/62/0) (UFCG)
Gurjão-PB (580) (7,26 S/36,48 W/480/1911-1990) (23.7/39/101/5/39/62/0) (UFCG)
Serra Branca-PB (623) (7,48 N/36,66 E/450/1911-1990) (24.1/43/105/6/43/62/0) (UFPB)
Boa Vista-PB (544) (7,26 S/36,23 E/490/1911-1990) (23.4/35/98/0/35/63/0) (UFCG)
Catingueira-PB (559) (7,13 S/37,61 W/290/1911-1990) (26.0/80/129/33/66/63/15) (UFCG)
Inga-PB (583) (7,28 S/35,61 W/144/1911-1990) (25.3/56/119/2/56/63/0) (UFCG)
Nova Olinda-PB (601) (7,46 N/38,05 E/315/1911-1990) (26.1/78/130/29/67/63/11) (UFPA)
Riacho Sto.Antonio-PB (613) (7,70 N/36,15 E/455/1911-1990) (23.5/36/99/1/36/63/0) (UFPB)
São Boaventura-PB (622) (7,40 N/38,21 E/300/1911-1990) (26.3/76/133/29/70/63/6) (UFPA)
São Gonçalo-PB (137) (6,75 S/38,22 W/233/1961-1990) (26.4/84/136/35/73/63/11) (INMET)
Florânia-RN (212) (6,12 S/36,82 W/324/1961-1990) (25.6/61/122/20/59/63/1) (INMET)
Morada Nova-CE (47) (6,08 S/39,38 W/44/1961-1990) (26.3/73/136/27/71/65/2) (INMET)
Sobral-CE (49) (3,70 S/40,35 W/83/1961-1990) (26.6/80/138/32/73/65/7) (INMET)
Barra-BA (13) (11,08 S/43,17 W/401/1961-1990) (25.5/55/121/2/55/66/0) (INMET)
Algodão-PB (530) (6,88 S/36,03 W/470/1911-1990) (23.3/31/97/0/31/66/0) (UFCG)
Malta-PB (595) (6,90 N/37,53 E/340/1911-1990) (25.6/61/122/26/56/66/4) (UFPA)
Passagem-PB (604) (7,13 N/37,06 E/340/1911-1990) (25.2/55/118/24/52/66/2) (UFPB)
Pedra Lavrada-PB (606) (6,75 N/36,46 E/525/1911-1990) (23.3/31/97/0/31/66/0) (UFPA)
Salgado-PB (615) (6,78 N/35,88 E/400/1911-1990) (23.7/35/101/0/35/66/0) (UFPA)
São José de Piranhas-PB (629) (7,11 N/38,50 E/300/1911-1990) (26.4/82/135/32/70/66/12) (UFPA)
Floriano-PI (149) (6,76 S/43,02 W/127/1961-1990) (27.0/92/149/36/83/66/9) (INMET)
Jaguaruana-CE (46) (4,78 S/37,60 W/12/1970-1989) (26.5/75/137/35/70/67/5) (INMET)
Catole do Rocha-PB (562) (6,35 S/37,55 W/250/1911-1990) (26.3/75/133/33/67/67/9) (UFCG)
São Mamede-PB (621) (6,91 N/36,10 E/270/1911-1990) (25.8/63/125/26/58/67/6) (UFPA)
Parnaíba-PI (150) (2,92 S/41,60 W/22/1961-1990) (26.8/123/141/39/73/68/50) (INMET)
Quixeramobim-CE (48) (5,12 S/39,18 W/212/1961-1990) (26.6/72/139/30/69/69/2) (INMET)
Aguiar-PB (587) (7,08 S/38,18 W/280/1911-1990) (26.4/75/136/28/67/69/8) (UFPA)
Barra de Santa Rosa-PB (541) (6,71 S/36,06 W/440/1911-1990) (23.6/30/99/0/30/69/0) (UFCG)
Porcos-PB (612) (7,13 N/37,33 E/270/1911-1990) (26.0/62/128/24/59/69/2) (UFPB)
São José da Lagoa Tapada-PB (628) (6,93 N/38,16 E/260/1911-1990) (26.6/83/138/31/69/69/14) (UFPA)
Apodi-RN (209) (5,65 S/37,80 W/65/1961-1990) (26.9/77/146/34/76/69/0) (INMET)
Caraubas-PB (556) (7,72 S/36,52 W/460/1911-1990) (23.8/32/102/0/32/70/0) (UFCG)
Garrotes-PB (578) (7,38 S/38,00 W/305/1911-1990) (26.1/62/131/21/61/70/1) (UFCG)
Pianco-PB (607) (7,18 N/37,95 E/250/1911-1990) (26.5/75/137/31/67/70/8) (UFPA)
Bodocongo-PB (545) (7,53 S/35,98 W/350/1911-1990) (24.2/35/105/0/35/71/0) (UFCG)
Crateús-CE (42) (5,17 S/40,67 W/297/1961-1990) (25.8/69/127/28/55/72/14) (INMET)
Cajazeiras-PB (554) (6,88 S/38,56 W/291/1911-1990) (26.5/74/137/28/65/72/8) (UFCG)
Condado-PB (564) (6,90 S/37,61 W/260/1911-1990) (26.2/65/132/25/61/72/4) (UFCG)
Curemas-PB (573) (7,02 S/38,98 W/220/1911-1990) (26.8/79/142/27/70/72/9) (UFCG)
Picui-PB (608) (6,51 N/36,36 E/450/1911-1990) (23.8/29/101/0/29/72/0) (UFPA)
Salgadinho-PB (614) (7,10 N/38,85 E/410/1911-1990) (24.5/38/109/0/38/72/0) (UFPB)
São João do Cariri-PB (626) (7,40 N/36,53 E/445/1911-1990) (24.0/32/104/0/32/72/0) (UFPB)
Antenor Navarro-PB (532) (6,73 S/38,45 W/240/1911-1990) (26.8/81/143/0/70/73/12) (UFCG)
Jenipapeiro dos Carreios  -PB (590) (6,46 N/37,55 E/190/1911-1990) (26.6/73/139/32/67/73/7) (UFPA)
Jericó-PB (591) (6,55 N/38,81 E/215/1911-1990) (26.7/71/139/29/66/73/5) (UFPA)
Soledade-PB (632) (7,06 N/36,36 E/560/1911-1990) (24.2/33/106/0/33/73/0) (UFPB)
Itaporanga-PB (584) (7,30 S/38,16 W/230/1911-1990) (26.8/73/143/28/69/74/4) (UFCG)
Nazarezinho-PB (600) (6,91 N/38,16 E/265/1911-1990) (26.6/71/139/27/64/75/7) (UFPA)
Pilões-PB (609) (6,66 N/38,51 E/255/1911-1990) (26.7/69/141/27/65/75/4) (UFPA)
São José dos Espinhais-PB (631) (6,85 N/37,33 E/185/1911-1990) (26.6/72/138/28/63/75/8) (UFPA)
Engenheiro Avidos-PB (576) (6,96 S/38,46 W/250/1911-1990) (26.8/73/142/27/66/76/8) (UFCG)
Sta.Luzia-PB (616) (6,86 N/36,93 E/290/1911-1990) (25.5/45/121/10/45/76/0) (UFPA)
Paulo Afonso-BA (33) (9,40 S/38,22 W/253/1961-1990) (25.7/49/125/0/49/77/0) (INMET)
Barra do Brejo do Cruz-PB (543) (6,18 S/37,56 W/190/1911-1990) (26.6/62/138/23/60/78/1) (UFCG)
Cabaceiras-PB (551) (7,50 S/36,28 W/390/1911-1990) (24.2/25/106/0/25/80/0) (UFCG)
São Francisco-PB (620) (6,61 N/38,80 E/150/1911-1990) (27.3/72/153/26/71/82/1) (UFPA)
Souza-PB (634) (6,75 N/38,23 E/200/1911-1990) (27.0/66/147/25/65/82/1) (UFPA)
Petrolina-PE (144) (9,38 S/40,48 W/370/1961-1990) (26.3/51/133/1/51/82/0) (INMET)
Pombal-PB (611) (6,75 N/37,81 E/178/1911-1990) (27.0/60/145/18/60/85/0) (UFPA)
Cabrobó-PE (139) (8,52 S/39,33 W/342/1961-1990) (25.8/43/128/0/43/85/0) (INMET)
Floresta-PE (141) (8,60 S/38,57 W/310/1961-1988) (26.5/52/137/2/52/85/0) (INMET)
Mossoró-RN (214) (5,18 S/37,33 W/18/1961-1990) (27.2/64/150/11/64/86/0) (INMET)
Paulistana-PI (151) (8,13 S/41,13 W/374/1976-1990) (26.5/50/138/5/50/88/0) (INMET)
Cruzeta-RN (211) (6,43 S/36,58 W/226/1961-1990) (27.0/59/147/10/59/88/0) (INMET)
Picos-PI (152) (7,07 S/41,48 W/208/1961-1990) (27.5/68/158/12/68/90/0) (INMET)
Patos-PB (605) (7,02 N/37,28 E/250/1911-1990) (27.2/59/150/17/59/91/0) (UFPB)
Macau-RN (213) (5,12 S/36,63 W/6/1961-1990) (26.9/50/143/0/50/93/0) (INMET)
Teste de cadastro- (516) (10,00 S/25,00 W/321/1 ano) (91.0/92/93/94/95/96/97) (Fonte CNPM)
Desterro de Malta-PB (575) (6,68 S/37,56 W/195/1911-1990) (26.7/40/140/2/40/100/0) (UFCG)
Natal-RN (215) (5,92 S/35,25 W/49/57 anos) (30.3/130/243/11/130/113/0) (FAO - Bol. 49)
Ouricuri-PE (143) (7,87 S/40,05 W/432/20) (30.3/52/243/0/52/192/0) (FAO - Bol.49)
