0.36
0.938
0.646
0.045
0.865
0.617
0.042
0.419
0.501
0.607
0.36
0.539
0.088
0.726
0.613
0.276
0.694
0.173
0.332
0.302
713
788
982
744
273
281
861
901
511
817
736.055
849.204
633.376
605.938
203.181
878.339
975.6
801.702
441.582
180.557
580.595
701.186
297.859
208.961
980.913
163.219
574.655
371.251
908.282
12.36
377.211
464.504
291.551
406.165
7.474
733.115
429.545
438.8
689.818
719.737
19.586
124.275
822.762
417.437
31.155
511.774
125.294
159.804
928.859
686.231
462.794
285.134
975.662
110.473
32.296
410.492
455.304
611.614
425.375
456.296
