raiz esq dir dir esq SIM
raiz dir dir dir dir dir dir NAO
raiz esq esq esq esq esq esq NAO
raiz esq esq esq esq esq esq NAO
raiz esq dir esq esq dir SIM
raiz dir dir dir dir dir dir NAO
raiz dir esq esq esq SIM
raiz esq dir esq esq SIM
raiz esq esq esq esq esq dir NAO
raiz dir dir dir dir dir dir NAO
raiz esq dir esq SIM
raiz esq dir SIM
raiz esq dir esq dir SIM
raiz dir dir dir dir esq NAO
raiz esq esq esq esq dir NAO
raiz dir esq dir esq dir NAO
raiz dir dir dir dir dir dir NAO
raiz dir dir dir dir dir dir NAO
raiz esq dir dir dir dir esq NAO
raiz esq esq esq esq esq dir NAO
raiz dir dir dir dir dir dir NAO
raiz dir dir dir dir dir dir NAO
raiz esq dir dir esq SIM
raiz esq esq esq esq esq dir NAO
raiz dir dir dir dir dir dir NAO
raiz dir dir dir dir dir dir NAO
raiz esq esq dir esq SIM
raiz esq dir esq dir SIM
raiz dir dir dir dir dir esq NAO
raiz esq esq dir dir esq SIM
raiz dir esq esq dir esq SIM
raiz esq dir esq esq esq SIM
raiz esq esq esq esq esq esq NAO
