raiz dir dir esq esq esq SIM
raiz dir dir dir dir dir dir dir dir dir dir NAO
raiz dir esq esq esq esq esq esq dir NAO
raiz dir esq esq esq esq esq esq dir NAO
raiz dir esq dir esq dir SIM
raiz dir dir dir dir dir dir dir dir dir dir NAO
raiz dir dir esq dir esq SIM
raiz dir esq dir esq SIM
raiz dir esq esq esq esq dir esq dir NAO
raiz dir dir dir dir dir dir dir dir dir dir NAO
raiz dir esq dir SIM
raiz dir SIM
raiz dir esq dir dir SIM
raiz dir dir dir dir dir dir esq dir dir NAO
raiz dir esq esq esq dir esq esq dir NAO
raiz dir dir dir esq esq esq dir dir dir dir NAO
raiz dir dir dir dir dir dir dir dir dir dir NAO
raiz dir dir dir dir dir dir dir dir dir dir NAO
raiz dir dir esq esq dir dir esq dir dir NAO
raiz dir esq esq esq esq dir esq dir NAO
raiz dir dir dir dir dir dir dir dir dir dir NAO
raiz dir dir dir dir dir dir dir dir dir dir NAO
raiz dir dir esq esq esq SIM
raiz dir esq esq esq esq dir esq dir NAO
raiz dir dir dir dir dir dir dir dir dir dir NAO
raiz dir dir dir dir dir dir dir dir dir dir NAO
raiz dir esq esq dir esq dir SIM
raiz dir esq dir dir SIM
raiz dir dir dir dir dir dir dir esq dir dir NAO
raiz dir esq esq dir dir SIM
raiz dir dir esq dir dir SIM
raiz dir esq dir esq esq dir SIM
raiz dir esq esq esq esq esq esq dir NAO
